<?xml version="1.0" encoding="UTF-8"?>
<testsuite xmlns:xsi="http://www.w3.org/2001/XMLSchema-instance" xsi:noNamespaceSchemaLocation="https://maven.apache.org/surefire/maven-surefire-plugin/xsd/surefire-test-report-3.0.xsd" version="3.0" name="org.example.tests.LoginTest" time="99.703" tests="1" errors="0" skipped="0" failures="0">
  <properties>
    <property name="java.specification.version" value="17"/>
    <property name="sun.cpu.isalist" value="amd64"/>
    <property name="sun.jnu.encoding" value="Cp1252"/>
    <property name="java.class.path" value="C:\Repo\Trails\SpringFramework\target\test-classes;C:\Repo\Trails\SpringFramework\target\classes;C:\Users\mgottam\.m2\repository\org\seleniumhq\selenium\selenium-java\4.23.1\selenium-java-4.23.1.jar;C:\Users\mgottam\.m2\repository\org\seleniumhq\selenium\selenium-api\4.23.1\selenium-api-4.23.1.jar;C:\Users\mgottam\.m2\repository\org\seleniumhq\selenium\selenium-chrome-driver\4.23.1\selenium-chrome-driver-4.23.1.jar;C:\Users\mgottam\.m2\repository\com\google\auto\service\auto-service-annotations\1.1.1\auto-service-annotations-1.1.1.jar;C:\Users\mgottam\.m2\repository\org\seleniumhq\selenium\selenium-chromium-driver\4.23.1\selenium-chromium-driver-4.23.1.jar;C:\Users\mgottam\.m2\repository\org\seleniumhq\selenium\selenium-json\4.23.1\selenium-json-4.23.1.jar;C:\Users\mgottam\.m2\repository\org\seleniumhq\selenium\selenium-manager\4.23.1\selenium-manager-4.23.1.jar;C:\Users\mgottam\.m2\repository\org\seleniumhq\selenium\selenium-devtools-v125\4.23.1\selenium-devtools-v125-4.23.1.jar;C:\Users\mgottam\.m2\repository\org\seleniumhq\selenium\selenium-devtools-v126\4.23.1\selenium-devtools-v126-4.23.1.jar;C:\Users\mgottam\.m2\repository\org\seleniumhq\selenium\selenium-devtools-v127\4.23.1\selenium-devtools-v127-4.23.1.jar;C:\Users\mgottam\.m2\repository\org\seleniumhq\selenium\selenium-devtools-v85\4.23.1\selenium-devtools-v85-4.23.1.jar;C:\Users\mgottam\.m2\repository\org\seleniumhq\selenium\selenium-edge-driver\4.23.1\selenium-edge-driver-4.23.1.jar;C:\Users\mgottam\.m2\repository\org\seleniumhq\selenium\selenium-firefox-driver\4.23.1\selenium-firefox-driver-4.23.1.jar;C:\Users\mgottam\.m2\repository\org\seleniumhq\selenium\selenium-http\4.23.1\selenium-http-4.23.1.jar;C:\Users\mgottam\.m2\repository\dev\failsafe\failsafe\3.3.2\failsafe-3.3.2.jar;C:\Users\mgottam\.m2\repository\org\seleniumhq\selenium\selenium-ie-driver\4.23.1\selenium-ie-driver-4.23.1.jar;C:\Users\mgottam\.m2\repository\org\seleniumhq\selenium\selenium-remote-driver\4.23.1\selenium-remote-driver-4.23.1.jar;C:\Users\mgottam\.m2\repository\io\opentelemetry\semconv\opentelemetry-semconv\1.25.0-alpha\opentelemetry-semconv-1.25.0-alpha.jar;C:\Users\mgottam\.m2\repository\io\opentelemetry\opentelemetry-api\1.40.0\opentelemetry-api-1.40.0.jar;C:\Users\mgottam\.m2\repository\io\opentelemetry\opentelemetry-context\1.40.0\opentelemetry-context-1.40.0.jar;C:\Users\mgottam\.m2\repository\io\opentelemetry\opentelemetry-exporter-logging\1.40.0\opentelemetry-exporter-logging-1.40.0.jar;C:\Users\mgottam\.m2\repository\io\opentelemetry\opentelemetry-sdk-common\1.40.0\opentelemetry-sdk-common-1.40.0.jar;C:\Users\mgottam\.m2\repository\io\opentelemetry\opentelemetry-sdk-extension-autoconfigure-spi\1.40.0\opentelemetry-sdk-extension-autoconfigure-spi-1.40.0.jar;C:\Users\mgottam\.m2\repository\io\opentelemetry\opentelemetry-sdk-extension-autoconfigure\1.40.0\opentelemetry-sdk-extension-autoconfigure-1.40.0.jar;C:\Users\mgottam\.m2\repository\io\opentelemetry\opentelemetry-api-incubator\1.40.0-alpha\opentelemetry-api-incubator-1.40.0-alpha.jar;C:\Users\mgottam\.m2\repository\io\opentelemetry\opentelemetry-sdk-trace\1.40.0\opentelemetry-sdk-trace-1.40.0.jar;C:\Users\mgottam\.m2\repository\io\opentelemetry\opentelemetry-sdk\1.40.0\opentelemetry-sdk-1.40.0.jar;C:\Users\mgottam\.m2\repository\io\opentelemetry\opentelemetry-sdk-metrics\1.40.0\opentelemetry-sdk-metrics-1.40.0.jar;C:\Users\mgottam\.m2\repository\io\opentelemetry\opentelemetry-sdk-logs\1.40.0\opentelemetry-sdk-logs-1.40.0.jar;C:\Users\mgottam\.m2\repository\net\bytebuddy\byte-buddy\1.14.18\byte-buddy-1.14.18.jar;C:\Users\mgottam\.m2\repository\org\seleniumhq\selenium\selenium-os\4.23.1\selenium-os-4.23.1.jar;C:\Users\mgottam\.m2\repository\org\apache\commons\commons-exec\1.4.0\commons-exec-1.4.0.jar;C:\Users\mgottam\.m2\repository\org\seleniumhq\selenium\selenium-safari-driver\4.23.1\selenium-safari-driver-4.23.1.jar;C:\Users\mgottam\.m2\repository\org\seleniumhq\selenium\selenium-support\4.23.1\selenium-support-4.23.1.jar;C:\Users\mgottam\.m2\repository\com\codeborne\selenide\7.3.2\selenide-7.3.2.jar;C:\Users\mgottam\.m2\repository\com\codeborne\selenide-core\7.3.2\selenide-core-7.3.2.jar;C:\Users\mgottam\.m2\repository\org\apache\httpcomponents\client5\httpclient5\5.3.1\httpclient5-5.3.1.jar;C:\Users\mgottam\.m2\repository\org\apache\httpcomponents\core5\httpcore5\5.2.4\httpcore5-5.2.4.jar;C:\Users\mgottam\.m2\repository\org\apache\httpcomponents\core5\httpcore5-h2\5.2.4\httpcore5-h2-5.2.4.jar;C:\Users\mgottam\.m2\repository\com\google\guava\guava\33.2.0-jre\guava-33.2.0-jre.jar;C:\Users\mgottam\.m2\repository\com\google\guava\failureaccess\1.0.2\failureaccess-1.0.2.jar;C:\Users\mgottam\.m2\repository\com\google\guava\listenablefuture\9999.0-empty-to-avoid-conflict-with-guava\listenablefuture-9999.0-empty-to-avoid-conflict-with-guava.jar;C:\Users\mgottam\.m2\repository\com\google\code\findbugs\jsr305\3.0.2\jsr305-3.0.2.jar;C:\Users\mgottam\.m2\repository\org\checkerframework\checker-qual\3.42.0\checker-qual-3.42.0.jar;C:\Users\mgottam\.m2\repository\com\google\errorprone\error_prone_annotations\2.26.1\error_prone_annotations-2.26.1.jar;C:\Users\mgottam\.m2\repository\com\google\j2objc\j2objc-annotations\3.0.0\j2objc-annotations-3.0.0.jar;C:\Users\mgottam\.m2\repository\org\apache\commons\commons-lang3\3.14.0\commons-lang3-3.14.0.jar;C:\Users\mgottam\.m2\repository\commons-io\commons-io\2.16.1\commons-io-2.16.1.jar;C:\Users\mgottam\.m2\repository\com\aventstack\extentreports\5.1.2\extentreports-5.1.2.jar;C:\Users\mgottam\.m2\repository\io\reactivex\rxjava3\rxjava\3.1.6\rxjava-3.1.6.jar;C:\Users\mgottam\.m2\repository\org\reactivestreams\reactive-streams\1.0.4\reactive-streams-1.0.4.jar;C:\Users\mgottam\.m2\repository\org\freemarker\freemarker\2.3.32\freemarker-2.3.32.jar;C:\Users\mgottam\.m2\repository\com\google\code\gson\gson\2.10.1\gson-2.10.1.jar;C:\Users\mgottam\.m2\repository\org\springframework\boot\spring-boot-starter-test\3.3.3\spring-boot-starter-test-3.3.3.jar;C:\Users\mgottam\.m2\repository\org\springframework\boot\spring-boot-test\3.3.3\spring-boot-test-3.3.3.jar;C:\Users\mgottam\.m2\repository\org\springframework\boot\spring-boot-test-autoconfigure\3.3.3\spring-boot-test-autoconfigure-3.3.3.jar;C:\Users\mgottam\.m2\repository\com\jayway\jsonpath\json-path\2.9.0\json-path-2.9.0.jar;C:\Users\mgottam\.m2\repository\jakarta\xml\bind\jakarta.xml.bind-api\4.0.2\jakarta.xml.bind-api-4.0.2.jar;C:\Users\mgottam\.m2\repository\jakarta\activation\jakarta.activation-api\2.1.3\jakarta.activation-api-2.1.3.jar;C:\Users\mgottam\.m2\repository\net\minidev\json-smart\2.5.1\json-smart-2.5.1.jar;C:\Users\mgottam\.m2\repository\net\minidev\accessors-smart\2.5.1\accessors-smart-2.5.1.jar;C:\Users\mgottam\.m2\repository\org\ow2\asm\asm\9.6\asm-9.6.jar;C:\Users\mgottam\.m2\repository\org\assertj\assertj-core\3.25.3\assertj-core-3.25.3.jar;C:\Users\mgottam\.m2\repository\org\awaitility\awaitility\4.2.2\awaitility-4.2.2.jar;C:\Users\mgottam\.m2\repository\org\hamcrest\hamcrest\2.2\hamcrest-2.2.jar;C:\Users\mgottam\.m2\repository\org\mockito\mockito-core\5.11.0\mockito-core-5.11.0.jar;C:\Users\mgottam\.m2\repository\net\bytebuddy\byte-buddy-agent\1.14.12\byte-buddy-agent-1.14.12.jar;C:\Users\mgottam\.m2\repository\org\objenesis\objenesis\3.3\objenesis-3.3.jar;C:\Users\mgottam\.m2\repository\org\mockito\mockito-junit-jupiter\5.11.0\mockito-junit-jupiter-5.11.0.jar;C:\Users\mgottam\.m2\repository\org\skyscreamer\jsonassert\1.5.3\jsonassert-1.5.3.jar;C:\Users\mgottam\.m2\repository\com\vaadin\external\google\android-json\0.0.20131108.vaadin1\android-json-0.0.20131108.vaadin1.jar;C:\Users\mgottam\.m2\repository\org\springframework\spring-core\6.1.12\spring-core-6.1.12.jar;C:\Users\mgottam\.m2\repository\org\springframework\spring-jcl\6.1.12\spring-jcl-6.1.12.jar;C:\Users\mgottam\.m2\repository\org\springframework\spring-test\6.1.12\spring-test-6.1.12.jar;C:\Users\mgottam\.m2\repository\org\xmlunit\xmlunit-core\2.9.1\xmlunit-core-2.9.1.jar;C:\Users\mgottam\.m2\repository\org\springframework\boot\spring-boot-starter\3.3.3\spring-boot-starter-3.3.3.jar;C:\Users\mgottam\.m2\repository\org\springframework\boot\spring-boot\3.3.3\spring-boot-3.3.3.jar;C:\Users\mgottam\.m2\repository\org\springframework\spring-context\6.1.12\spring-context-6.1.12.jar;C:\Users\mgottam\.m2\repository\org\springframework\spring-aop\6.1.12\spring-aop-6.1.12.jar;C:\Users\mgottam\.m2\repository\org\springframework\spring-beans\6.1.12\spring-beans-6.1.12.jar;C:\Users\mgottam\.m2\repository\org\springframework\spring-expression\6.1.12\spring-expression-6.1.12.jar;C:\Users\mgottam\.m2\repository\io\micrometer\micrometer-observation\1.12.9\micrometer-observation-1.12.9.jar;C:\Users\mgottam\.m2\repository\io\micrometer\micrometer-commons\1.12.9\micrometer-commons-1.12.9.jar;C:\Users\mgottam\.m2\repository\org\springframework\boot\spring-boot-autoconfigure\3.3.3\spring-boot-autoconfigure-3.3.3.jar;C:\Users\mgottam\.m2\repository\org\springframework\boot\spring-boot-starter-logging\3.3.3\spring-boot-starter-logging-3.3.3.jar;C:\Users\mgottam\.m2\repository\org\apache\logging\log4j\log4j-to-slf4j\2.23.1\log4j-to-slf4j-2.23.1.jar;C:\Users\mgottam\.m2\repository\org\apache\logging\log4j\log4j-api\2.23.1\log4j-api-2.23.1.jar;C:\Users\mgottam\.m2\repository\org\slf4j\jul-to-slf4j\2.0.16\jul-to-slf4j-2.0.16.jar;C:\Users\mgottam\.m2\repository\jakarta\annotation\jakarta.annotation-api\2.1.1\jakarta.annotation-api-2.1.1.jar;C:\Users\mgottam\.m2\repository\org\yaml\snakeyaml\2.2\snakeyaml-2.2.jar;C:\Users\mgottam\.m2\repository\org\slf4j\slf4j-api\2.0.16\slf4j-api-2.0.16.jar;C:\Users\mgottam\.m2\repository\ch\qos\logback\logback-classic\1.5.7\logback-classic-1.5.7.jar;C:\Users\mgottam\.m2\repository\ch\qos\logback\logback-core\1.5.7\logback-core-1.5.7.jar;C:\Users\mgottam\.m2\repository\org\projectlombok\lombok\1.18.34\lombok-1.18.34.jar;C:\Users\mgottam\.m2\repository\org\junit\jupiter\junit-jupiter-api\5.11.0\junit-jupiter-api-5.11.0.jar;C:\Users\mgottam\.m2\repository\org\opentest4j\opentest4j\1.3.0\opentest4j-1.3.0.jar;C:\Users\mgottam\.m2\repository\org\junit\platform\junit-platform-commons\1.11.0\junit-platform-commons-1.11.0.jar;C:\Users\mgottam\.m2\repository\org\apiguardian\apiguardian-api\1.1.2\apiguardian-api-1.1.2.jar;C:\Users\mgottam\.m2\repository\org\junit\jupiter\junit-jupiter-engine\5.11.0\junit-jupiter-engine-5.11.0.jar;C:\Users\mgottam\.m2\repository\org\junit\platform\junit-platform-engine\1.11.0\junit-platform-engine-1.11.0.jar;C:\Users\mgottam\.m2\repository\io\cucumber\cucumber-java\7.18.1\cucumber-java-7.18.1.jar;C:\Users\mgottam\.m2\repository\io\cucumber\cucumber-core\7.18.1\cucumber-core-7.18.1.jar;C:\Users\mgottam\.m2\repository\io\cucumber\cucumber-gherkin\7.18.1\cucumber-gherkin-7.18.1.jar;C:\Users\mgottam\.m2\repository\io\cucumber\cucumber-gherkin-messages\7.18.1\cucumber-gherkin-messages-7.18.1.jar;C:\Users\mgottam\.m2\repository\io\cucumber\gherkin\28.0.0\gherkin-28.0.0.jar;C:\Users\mgottam\.m2\repository\io\cucumber\messages\24.1.0\messages-24.1.0.jar;C:\Users\mgottam\.m2\repository\io\cucumber\testng-xml-formatter\0.2.0\testng-xml-formatter-0.2.0.jar;C:\Users\mgottam\.m2\repository\io\cucumber\query\12.2.0\query-12.2.0.jar;C:\Users\mgottam\.m2\repository\io\cucumber\tag-expressions\6.1.0\tag-expressions-6.1.0.jar;C:\Users\mgottam\.m2\repository\io\cucumber\cucumber-expressions\17.1.0\cucumber-expressions-17.1.0.jar;C:\Users\mgottam\.m2\repository\io\cucumber\datatable\7.18.1\datatable-7.18.1.jar;C:\Users\mgottam\.m2\repository\io\cucumber\cucumber-plugin\7.18.1\cucumber-plugin-7.18.1.jar;C:\Users\mgottam\.m2\repository\io\cucumber\docstring\7.18.1\docstring-7.18.1.jar;C:\Users\mgottam\.m2\repository\io\cucumber\html-formatter\21.4.1\html-formatter-21.4.1.jar;C:\Users\mgottam\.m2\repository\io\cucumber\junit-xml-formatter\0.5.0\junit-xml-formatter-0.5.0.jar;C:\Users\mgottam\.m2\repository\io\cucumber\ci-environment\10.0.1\ci-environment-10.0.1.jar;C:\Users\mgottam\.m2\repository\io\cucumber\cucumber-junit-platform-engine\7.18.1\cucumber-junit-platform-engine-7.18.1.jar;C:\Users\mgottam\.m2\repository\org\junit\platform\junit-platform-suite\1.11.0\junit-platform-suite-1.11.0.jar;C:\Users\mgottam\.m2\repository\org\junit\platform\junit-platform-suite-api\1.11.0\junit-platform-suite-api-1.11.0.jar;C:\Users\mgottam\.m2\repository\org\junit\platform\junit-platform-suite-engine\1.11.0\junit-platform-suite-engine-1.11.0.jar;C:\Users\mgottam\.m2\repository\org\junit\platform\junit-platform-suite-commons\1.11.0\junit-platform-suite-commons-1.11.0.jar;C:\Users\mgottam\.m2\repository\org\junit\platform\junit-platform-launcher\1.11.0\junit-platform-launcher-1.11.0.jar;C:\Users\mgottam\.m2\repository\org\junit\jupiter\junit-jupiter\5.11.0\junit-jupiter-5.11.0.jar;C:\Users\mgottam\.m2\repository\org\junit\jupiter\junit-jupiter-params\5.11.0\junit-jupiter-params-5.11.0.jar;C:\Users\mgottam\.m2\repository\io\cucumber\cucumber-spring\7.18.1\cucumber-spring-7.18.1.jar;"/>
    <property name="java.vm.vendor" value="Oracle Corporation"/>
    <property name="sun.arch.data.model" value="64"/>
    <property name="user.variant" value=""/>
    <property name="java.vendor.url" value="https://java.oracle.com/"/>
    <property name="user.timezone" value="Asia/Calcutta"/>
    <property name="os.name" value="Windows 11"/>
    <property name="java.vm.specification.version" value="17"/>
    <property name="sun.java.launcher" value="SUN_STANDARD"/>
    <property name="user.country" value="US"/>
    <property name="sun.boot.library.path" value="C:\Program Files\Java\jdk-17\bin"/>
    <property name="sun.java.command" value="C:\Users\mgottam\AppData\Local\Temp\surefire6811656474300663639\surefirebooter12047326775344994072.jar C:\Users\mgottam\AppData\Local\Temp\surefire6811656474300663639 2024-09-05T17-32-15_498-jvmRun1 surefire17024585594838108053tmp surefire_08294549663371884656tmp"/>
    <property name="jdk.debug" value="release"/>
    <property name="surefire.test.class.path" value="C:\Repo\Trails\SpringFramework\target\test-classes;C:\Repo\Trails\SpringFramework\target\classes;C:\Users\mgottam\.m2\repository\org\seleniumhq\selenium\selenium-java\4.23.1\selenium-java-4.23.1.jar;C:\Users\mgottam\.m2\repository\org\seleniumhq\selenium\selenium-api\4.23.1\selenium-api-4.23.1.jar;C:\Users\mgottam\.m2\repository\org\seleniumhq\selenium\selenium-chrome-driver\4.23.1\selenium-chrome-driver-4.23.1.jar;C:\Users\mgottam\.m2\repository\com\google\auto\service\auto-service-annotations\1.1.1\auto-service-annotations-1.1.1.jar;C:\Users\mgottam\.m2\repository\org\seleniumhq\selenium\selenium-chromium-driver\4.23.1\selenium-chromium-driver-4.23.1.jar;C:\Users\mgottam\.m2\repository\org\seleniumhq\selenium\selenium-json\4.23.1\selenium-json-4.23.1.jar;C:\Users\mgottam\.m2\repository\org\seleniumhq\selenium\selenium-manager\4.23.1\selenium-manager-4.23.1.jar;C:\Users\mgottam\.m2\repository\org\seleniumhq\selenium\selenium-devtools-v125\4.23.1\selenium-devtools-v125-4.23.1.jar;C:\Users\mgottam\.m2\repository\org\seleniumhq\selenium\selenium-devtools-v126\4.23.1\selenium-devtools-v126-4.23.1.jar;C:\Users\mgottam\.m2\repository\org\seleniumhq\selenium\selenium-devtools-v127\4.23.1\selenium-devtools-v127-4.23.1.jar;C:\Users\mgottam\.m2\repository\org\seleniumhq\selenium\selenium-devtools-v85\4.23.1\selenium-devtools-v85-4.23.1.jar;C:\Users\mgottam\.m2\repository\org\seleniumhq\selenium\selenium-edge-driver\4.23.1\selenium-edge-driver-4.23.1.jar;C:\Users\mgottam\.m2\repository\org\seleniumhq\selenium\selenium-firefox-driver\4.23.1\selenium-firefox-driver-4.23.1.jar;C:\Users\mgottam\.m2\repository\org\seleniumhq\selenium\selenium-http\4.23.1\selenium-http-4.23.1.jar;C:\Users\mgottam\.m2\repository\dev\failsafe\failsafe\3.3.2\failsafe-3.3.2.jar;C:\Users\mgottam\.m2\repository\org\seleniumhq\selenium\selenium-ie-driver\4.23.1\selenium-ie-driver-4.23.1.jar;C:\Users\mgottam\.m2\repository\org\seleniumhq\selenium\selenium-remote-driver\4.23.1\selenium-remote-driver-4.23.1.jar;C:\Users\mgottam\.m2\repository\io\opentelemetry\semconv\opentelemetry-semconv\1.25.0-alpha\opentelemetry-semconv-1.25.0-alpha.jar;C:\Users\mgottam\.m2\repository\io\opentelemetry\opentelemetry-api\1.40.0\opentelemetry-api-1.40.0.jar;C:\Users\mgottam\.m2\repository\io\opentelemetry\opentelemetry-context\1.40.0\opentelemetry-context-1.40.0.jar;C:\Users\mgottam\.m2\repository\io\opentelemetry\opentelemetry-exporter-logging\1.40.0\opentelemetry-exporter-logging-1.40.0.jar;C:\Users\mgottam\.m2\repository\io\opentelemetry\opentelemetry-sdk-common\1.40.0\opentelemetry-sdk-common-1.40.0.jar;C:\Users\mgottam\.m2\repository\io\opentelemetry\opentelemetry-sdk-extension-autoconfigure-spi\1.40.0\opentelemetry-sdk-extension-autoconfigure-spi-1.40.0.jar;C:\Users\mgottam\.m2\repository\io\opentelemetry\opentelemetry-sdk-extension-autoconfigure\1.40.0\opentelemetry-sdk-extension-autoconfigure-1.40.0.jar;C:\Users\mgottam\.m2\repository\io\opentelemetry\opentelemetry-api-incubator\1.40.0-alpha\opentelemetry-api-incubator-1.40.0-alpha.jar;C:\Users\mgottam\.m2\repository\io\opentelemetry\opentelemetry-sdk-trace\1.40.0\opentelemetry-sdk-trace-1.40.0.jar;C:\Users\mgottam\.m2\repository\io\opentelemetry\opentelemetry-sdk\1.40.0\opentelemetry-sdk-1.40.0.jar;C:\Users\mgottam\.m2\repository\io\opentelemetry\opentelemetry-sdk-metrics\1.40.0\opentelemetry-sdk-metrics-1.40.0.jar;C:\Users\mgottam\.m2\repository\io\opentelemetry\opentelemetry-sdk-logs\1.40.0\opentelemetry-sdk-logs-1.40.0.jar;C:\Users\mgottam\.m2\repository\net\bytebuddy\byte-buddy\1.14.18\byte-buddy-1.14.18.jar;C:\Users\mgottam\.m2\repository\org\seleniumhq\selenium\selenium-os\4.23.1\selenium-os-4.23.1.jar;C:\Users\mgottam\.m2\repository\org\apache\commons\commons-exec\1.4.0\commons-exec-1.4.0.jar;C:\Users\mgottam\.m2\repository\org\seleniumhq\selenium\selenium-safari-driver\4.23.1\selenium-safari-driver-4.23.1.jar;C:\Users\mgottam\.m2\repository\org\seleniumhq\selenium\selenium-support\4.23.1\selenium-support-4.23.1.jar;C:\Users\mgottam\.m2\repository\com\codeborne\selenide\7.3.2\selenide-7.3.2.jar;C:\Users\mgottam\.m2\repository\com\codeborne\selenide-core\7.3.2\selenide-core-7.3.2.jar;C:\Users\mgottam\.m2\repository\org\apache\httpcomponents\client5\httpclient5\5.3.1\httpclient5-5.3.1.jar;C:\Users\mgottam\.m2\repository\org\apache\httpcomponents\core5\httpcore5\5.2.4\httpcore5-5.2.4.jar;C:\Users\mgottam\.m2\repository\org\apache\httpcomponents\core5\httpcore5-h2\5.2.4\httpcore5-h2-5.2.4.jar;C:\Users\mgottam\.m2\repository\com\google\guava\guava\33.2.0-jre\guava-33.2.0-jre.jar;C:\Users\mgottam\.m2\repository\com\google\guava\failureaccess\1.0.2\failureaccess-1.0.2.jar;C:\Users\mgottam\.m2\repository\com\google\guava\listenablefuture\9999.0-empty-to-avoid-conflict-with-guava\listenablefuture-9999.0-empty-to-avoid-conflict-with-guava.jar;C:\Users\mgottam\.m2\repository\com\google\code\findbugs\jsr305\3.0.2\jsr305-3.0.2.jar;C:\Users\mgottam\.m2\repository\org\checkerframework\checker-qual\3.42.0\checker-qual-3.42.0.jar;C:\Users\mgottam\.m2\repository\com\google\errorprone\error_prone_annotations\2.26.1\error_prone_annotations-2.26.1.jar;C:\Users\mgottam\.m2\repository\com\google\j2objc\j2objc-annotations\3.0.0\j2objc-annotations-3.0.0.jar;C:\Users\mgottam\.m2\repository\org\apache\commons\commons-lang3\3.14.0\commons-lang3-3.14.0.jar;C:\Users\mgottam\.m2\repository\commons-io\commons-io\2.16.1\commons-io-2.16.1.jar;C:\Users\mgottam\.m2\repository\com\aventstack\extentreports\5.1.2\extentreports-5.1.2.jar;C:\Users\mgottam\.m2\repository\io\reactivex\rxjava3\rxjava\3.1.6\rxjava-3.1.6.jar;C:\Users\mgottam\.m2\repository\org\reactivestreams\reactive-streams\1.0.4\reactive-streams-1.0.4.jar;C:\Users\mgottam\.m2\repository\org\freemarker\freemarker\2.3.32\freemarker-2.3.32.jar;C:\Users\mgottam\.m2\repository\com\google\code\gson\gson\2.10.1\gson-2.10.1.jar;C:\Users\mgottam\.m2\repository\org\springframework\boot\spring-boot-starter-test\3.3.3\spring-boot-starter-test-3.3.3.jar;C:\Users\mgottam\.m2\repository\org\springframework\boot\spring-boot-test\3.3.3\spring-boot-test-3.3.3.jar;C:\Users\mgottam\.m2\repository\org\springframework\boot\spring-boot-test-autoconfigure\3.3.3\spring-boot-test-autoconfigure-3.3.3.jar;C:\Users\mgottam\.m2\repository\com\jayway\jsonpath\json-path\2.9.0\json-path-2.9.0.jar;C:\Users\mgottam\.m2\repository\jakarta\xml\bind\jakarta.xml.bind-api\4.0.2\jakarta.xml.bind-api-4.0.2.jar;C:\Users\mgottam\.m2\repository\jakarta\activation\jakarta.activation-api\2.1.3\jakarta.activation-api-2.1.3.jar;C:\Users\mgottam\.m2\repository\net\minidev\json-smart\2.5.1\json-smart-2.5.1.jar;C:\Users\mgottam\.m2\repository\net\minidev\accessors-smart\2.5.1\accessors-smart-2.5.1.jar;C:\Users\mgottam\.m2\repository\org\ow2\asm\asm\9.6\asm-9.6.jar;C:\Users\mgottam\.m2\repository\org\assertj\assertj-core\3.25.3\assertj-core-3.25.3.jar;C:\Users\mgottam\.m2\repository\org\awaitility\awaitility\4.2.2\awaitility-4.2.2.jar;C:\Users\mgottam\.m2\repository\org\hamcrest\hamcrest\2.2\hamcrest-2.2.jar;C:\Users\mgottam\.m2\repository\org\mockito\mockito-core\5.11.0\mockito-core-5.11.0.jar;C:\Users\mgottam\.m2\repository\net\bytebuddy\byte-buddy-agent\1.14.12\byte-buddy-agent-1.14.12.jar;C:\Users\mgottam\.m2\repository\org\objenesis\objenesis\3.3\objenesis-3.3.jar;C:\Users\mgottam\.m2\repository\org\mockito\mockito-junit-jupiter\5.11.0\mockito-junit-jupiter-5.11.0.jar;C:\Users\mgottam\.m2\repository\org\skyscreamer\jsonassert\1.5.3\jsonassert-1.5.3.jar;C:\Users\mgottam\.m2\repository\com\vaadin\external\google\android-json\0.0.20131108.vaadin1\android-json-0.0.20131108.vaadin1.jar;C:\Users\mgottam\.m2\repository\org\springframework\spring-core\6.1.12\spring-core-6.1.12.jar;C:\Users\mgottam\.m2\repository\org\springframework\spring-jcl\6.1.12\spring-jcl-6.1.12.jar;C:\Users\mgottam\.m2\repository\org\springframework\spring-test\6.1.12\spring-test-6.1.12.jar;C:\Users\mgottam\.m2\repository\org\xmlunit\xmlunit-core\2.9.1\xmlunit-core-2.9.1.jar;C:\Users\mgottam\.m2\repository\org\springframework\boot\spring-boot-starter\3.3.3\spring-boot-starter-3.3.3.jar;C:\Users\mgottam\.m2\repository\org\springframework\boot\spring-boot\3.3.3\spring-boot-3.3.3.jar;C:\Users\mgottam\.m2\repository\org\springframework\spring-context\6.1.12\spring-context-6.1.12.jar;C:\Users\mgottam\.m2\repository\org\springframework\spring-aop\6.1.12\spring-aop-6.1.12.jar;C:\Users\mgottam\.m2\repository\org\springframework\spring-beans\6.1.12\spring-beans-6.1.12.jar;C:\Users\mgottam\.m2\repository\org\springframework\spring-expression\6.1.12\spring-expression-6.1.12.jar;C:\Users\mgottam\.m2\repository\io\micrometer\micrometer-observation\1.12.9\micrometer-observation-1.12.9.jar;C:\Users\mgottam\.m2\repository\io\micrometer\micrometer-commons\1.12.9\micrometer-commons-1.12.9.jar;C:\Users\mgottam\.m2\repository\org\springframework\boot\spring-boot-autoconfigure\3.3.3\spring-boot-autoconfigure-3.3.3.jar;C:\Users\mgottam\.m2\repository\org\springframework\boot\spring-boot-starter-logging\3.3.3\spring-boot-starter-logging-3.3.3.jar;C:\Users\mgottam\.m2\repository\org\apache\logging\log4j\log4j-to-slf4j\2.23.1\log4j-to-slf4j-2.23.1.jar;C:\Users\mgottam\.m2\repository\org\apache\logging\log4j\log4j-api\2.23.1\log4j-api-2.23.1.jar;C:\Users\mgottam\.m2\repository\org\slf4j\jul-to-slf4j\2.0.16\jul-to-slf4j-2.0.16.jar;C:\Users\mgottam\.m2\repository\jakarta\annotation\jakarta.annotation-api\2.1.1\jakarta.annotation-api-2.1.1.jar;C:\Users\mgottam\.m2\repository\org\yaml\snakeyaml\2.2\snakeyaml-2.2.jar;C:\Users\mgottam\.m2\repository\org\slf4j\slf4j-api\2.0.16\slf4j-api-2.0.16.jar;C:\Users\mgottam\.m2\repository\ch\qos\logback\logback-classic\1.5.7\logback-classic-1.5.7.jar;C:\Users\mgottam\.m2\repository\ch\qos\logback\logback-core\1.5.7\logback-core-1.5.7.jar;C:\Users\mgottam\.m2\repository\org\projectlombok\lombok\1.18.34\lombok-1.18.34.jar;C:\Users\mgottam\.m2\repository\org\junit\jupiter\junit-jupiter-api\5.11.0\junit-jupiter-api-5.11.0.jar;C:\Users\mgottam\.m2\repository\org\opentest4j\opentest4j\1.3.0\opentest4j-1.3.0.jar;C:\Users\mgottam\.m2\repository\org\junit\platform\junit-platform-commons\1.11.0\junit-platform-commons-1.11.0.jar;C:\Users\mgottam\.m2\repository\org\apiguardian\apiguardian-api\1.1.2\apiguardian-api-1.1.2.jar;C:\Users\mgottam\.m2\repository\org\junit\jupiter\junit-jupiter-engine\5.11.0\junit-jupiter-engine-5.11.0.jar;C:\Users\mgottam\.m2\repository\org\junit\platform\junit-platform-engine\1.11.0\junit-platform-engine-1.11.0.jar;C:\Users\mgottam\.m2\repository\io\cucumber\cucumber-java\7.18.1\cucumber-java-7.18.1.jar;C:\Users\mgottam\.m2\repository\io\cucumber\cucumber-core\7.18.1\cucumber-core-7.18.1.jar;C:\Users\mgottam\.m2\repository\io\cucumber\cucumber-gherkin\7.18.1\cucumber-gherkin-7.18.1.jar;C:\Users\mgottam\.m2\repository\io\cucumber\cucumber-gherkin-messages\7.18.1\cucumber-gherkin-messages-7.18.1.jar;C:\Users\mgottam\.m2\repository\io\cucumber\gherkin\28.0.0\gherkin-28.0.0.jar;C:\Users\mgottam\.m2\repository\io\cucumber\messages\24.1.0\messages-24.1.0.jar;C:\Users\mgottam\.m2\repository\io\cucumber\testng-xml-formatter\0.2.0\testng-xml-formatter-0.2.0.jar;C:\Users\mgottam\.m2\repository\io\cucumber\query\12.2.0\query-12.2.0.jar;C:\Users\mgottam\.m2\repository\io\cucumber\tag-expressions\6.1.0\tag-expressions-6.1.0.jar;C:\Users\mgottam\.m2\repository\io\cucumber\cucumber-expressions\17.1.0\cucumber-expressions-17.1.0.jar;C:\Users\mgottam\.m2\repository\io\cucumber\datatable\7.18.1\datatable-7.18.1.jar;C:\Users\mgottam\.m2\repository\io\cucumber\cucumber-plugin\7.18.1\cucumber-plugin-7.18.1.jar;C:\Users\mgottam\.m2\repository\io\cucumber\docstring\7.18.1\docstring-7.18.1.jar;C:\Users\mgottam\.m2\repository\io\cucumber\html-formatter\21.4.1\html-formatter-21.4.1.jar;C:\Users\mgottam\.m2\repository\io\cucumber\junit-xml-formatter\0.5.0\junit-xml-formatter-0.5.0.jar;C:\Users\mgottam\.m2\repository\io\cucumber\ci-environment\10.0.1\ci-environment-10.0.1.jar;C:\Users\mgottam\.m2\repository\io\cucumber\cucumber-junit-platform-engine\7.18.1\cucumber-junit-platform-engine-7.18.1.jar;C:\Users\mgottam\.m2\repository\org\junit\platform\junit-platform-suite\1.11.0\junit-platform-suite-1.11.0.jar;C:\Users\mgottam\.m2\repository\org\junit\platform\junit-platform-suite-api\1.11.0\junit-platform-suite-api-1.11.0.jar;C:\Users\mgottam\.m2\repository\org\junit\platform\junit-platform-suite-engine\1.11.0\junit-platform-suite-engine-1.11.0.jar;C:\Users\mgottam\.m2\repository\org\junit\platform\junit-platform-suite-commons\1.11.0\junit-platform-suite-commons-1.11.0.jar;C:\Users\mgottam\.m2\repository\org\junit\platform\junit-platform-launcher\1.11.0\junit-platform-launcher-1.11.0.jar;C:\Users\mgottam\.m2\repository\org\junit\jupiter\junit-jupiter\5.11.0\junit-jupiter-5.11.0.jar;C:\Users\mgottam\.m2\repository\org\junit\jupiter\junit-jupiter-params\5.11.0\junit-jupiter-params-5.11.0.jar;C:\Users\mgottam\.m2\repository\io\cucumber\cucumber-spring\7.18.1\cucumber-spring-7.18.1.jar;"/>
    <property name="sun.cpu.endian" value="little"/>
    <property name="user.home" value="C:\Users\mgottam"/>
    <property name="user.language" value="en"/>
    <property name="java.specification.vendor" value="Oracle Corporation"/>
    <property name="java.version.date" value="2024-04-16"/>
    <property name="java.home" value="C:\Program Files\Java\jdk-17"/>
    <property name="file.separator" value="\"/>
    <property name="basedir" value="C:\Repo\Trails\SpringFramework"/>
    <property name="java.vm.compressedOopsMode" value="Zero based"/>
    <property name="line.separator" value="&#10;"/>
    <property name="java.vm.specification.vendor" value="Oracle Corporation"/>
    <property name="java.specification.name" value="Java Platform API Specification"/>
    <property name="FILE_LOG_CHARSET" value="windows-1252"/>
    <property name="java.awt.headless" value="true"/>
    <property name="surefire.real.class.path" value="C:\Users\mgottam\AppData\Local\Temp\surefire6811656474300663639\surefirebooter12047326775344994072.jar"/>
    <property name="user.script" value=""/>
    <property name="sun.management.compiler" value="HotSpot 64-Bit Tiered Compilers"/>
    <property name="java.runtime.version" value="17.0.11+7-LTS-207"/>
    <property name="user.name" value="mgottam"/>
    <property name="path.separator" value=";"/>
    <property name="os.version" value="10.0"/>
    <property name="java.runtime.name" value="Java(TM) SE Runtime Environment"/>
    <property name="file.encoding" value="Cp1252"/>
    <property name="java.vm.name" value="Java HotSpot(TM) 64-Bit Server VM"/>
    <property name="localRepository" value="C:\Users\mgottam\.m2\repository"/>
    <property name="java.vendor.url.bug" value="https://bugreport.java.com/bugreport/"/>
    <property name="java.io.tmpdir" value="C:\Users\mgottam\AppData\Local\Temp\"/>
    <property name="java.version" value="17.0.11"/>
    <property name="user.dir" value="C:\Repo\Trails\SpringFramework"/>
    <property name="os.arch" value="amd64"/>
    <property name="java.vm.specification.name" value="Java Virtual Machine Specification"/>
    <property name="PID" value="45272"/>
    <property name="sun.os.patch.level" value=""/>
    <property name="CONSOLE_LOG_CHARSET" value="windows-1252"/>
    <property name="native.encoding" value="Cp1252"/>
    <property name="java.library.path" value="C:\Program Files\Java\jdk-17\bin;C:\WINDOWS\Sun\Java\bin;C:\WINDOWS\system32;C:\WINDOWS;C:\Program Files\Java\jdk-17\bin;C:\Program Files\Common Files\Oracle\Java\javapath;C:\Program Files (x86)\Common Files\Oracle\Java\java8path;C:\Program Files (x86)\Common Files\Oracle\Java\javapath;C:\Program Files\Java\jdk-17\bin;C:\ProgramData\Oracle\Java\javapath;C:\WINDOWS\system32;C:\WINDOWS;C:\WINDOWS\System32\Wbem;C:\WINDOWS\System32\WindowsPowerShell\v1.0\;C:\WINDOWS\System32\OpenSSH\;C:\Program Files (x86)\Sennheiser\SenncomSDK\;C:\OracleATS\bin;C:\Users\mgottam\apache-maven-3.9.4\bin;C:\Users\mgottam\apache-maven-3.9.4;C:\Program Files\TortoiseGit\bin;C:\Drivers;C:\Program Files\nodejs\;C:\Program Files\Git\cmd;C:\Users\mgottam\AppData\Local\Programs\Python\Python312;C:\Users\mgottam\AppData\Local\Programs\Python\Python312\Scripts;C:\Users\mgottam\AppData\Local\Programs\Python\Launcher\;C:\Users\mgottam\AppData\Local\Microsoft\WindowsApps;C:\Program Files\JetBrains\IntelliJ IDEA Community Edition 2022.1.3\bin;;C:\Users\mgottam\AppData\Roaming\npm;C:\Users\mgottam\AppData\Local\Programs\Microsoft VS Code\bin;C:\Drivers;;."/>
    <property name="java.vm.info" value="mixed mode, sharing"/>
    <property name="java.vendor" value="Oracle Corporation"/>
    <property name="java.vm.version" value="17.0.11+7-LTS-207"/>
    <property name="sun.io.unicode.encoding" value="UnicodeLittle"/>
    <property name="java.class.version" value="61.0"/>
  </properties>
  <testcase name="testSuccessfulLogin" classname="org.example.tests.LoginTest" time="10.686">
    <system-out><![CDATA[17:32:16,743 |-INFO in ch.qos.logback.classic.LoggerContext[default] - This is logback-classic version 1.5.7
17:32:16,745 |-INFO in ch.qos.logback.classic.util.ContextInitializer@62010f5c - Here is a list of configurators discovered as a service, by rank: 
17:32:16,745 |-INFO in ch.qos.logback.classic.util.ContextInitializer@62010f5c -   org.springframework.boot.logging.logback.RootLogLevelConfigurator
17:32:16,745 |-INFO in ch.qos.logback.classic.util.ContextInitializer@62010f5c - They will be invoked in order until ExecutionStatus.DO_NOT_INVOKE_NEXT_IF_ANY is returned.
17:32:16,745 |-INFO in ch.qos.logback.classic.util.ContextInitializer@62010f5c - Constructed configurator of type class org.springframework.boot.logging.logback.RootLogLevelConfigurator
17:32:16,750 |-INFO in ch.qos.logback.classic.util.ContextInitializer@62010f5c - org.springframework.boot.logging.logback.RootLogLevelConfigurator.configure() call lasted 1 milliseconds. ExecutionStatus=INVOKE_NEXT_IF_ANY
17:32:16,750 |-INFO in ch.qos.logback.classic.util.ContextInitializer@62010f5c - Trying to configure with ch.qos.logback.classic.joran.SerializedModelConfigurator
17:32:16,752 |-INFO in ch.qos.logback.classic.util.ContextInitializer@62010f5c - Constructed configurator of type class ch.qos.logback.classic.joran.SerializedModelConfigurator
17:32:16,753 |-INFO in ch.qos.logback.classic.LoggerContext[default] - Could NOT find resource [logback-test.scmo]
17:32:16,754 |-INFO in ch.qos.logback.classic.LoggerContext[default] - Could NOT find resource [logback.scmo]
17:32:16,754 |-INFO in ch.qos.logback.classic.util.ContextInitializer@62010f5c - ch.qos.logback.classic.joran.SerializedModelConfigurator.configure() call lasted 2 milliseconds. ExecutionStatus=INVOKE_NEXT_IF_ANY
17:32:16,754 |-INFO in ch.qos.logback.classic.util.ContextInitializer@62010f5c - Trying to configure with ch.qos.logback.classic.util.DefaultJoranConfigurator
17:32:16,754 |-INFO in ch.qos.logback.classic.util.ContextInitializer@62010f5c - Constructed configurator of type class ch.qos.logback.classic.util.DefaultJoranConfigurator
17:32:16,755 |-INFO in ch.qos.logback.classic.LoggerContext[default] - Could NOT find resource [logback-test.xml]
17:32:16,756 |-INFO in ch.qos.logback.classic.LoggerContext[default] - Found resource [logback.xml] at [file:/C:/Repo/Trails/SpringFramework/target/test-classes/logback.xml]
17:32:16,757 |-WARN in ch.qos.logback.classic.util.DefaultJoranConfigurator@51fadaff - Resource [logback.xml] occurs multiple times on the classpath.
17:32:16,757 |-WARN in ch.qos.logback.classic.util.DefaultJoranConfigurator@51fadaff - Resource [logback.xml] occurs at [file:/C:/Repo/Trails/SpringFramework/target/test-classes/logback.xml]
17:32:16,757 |-WARN in ch.qos.logback.classic.util.DefaultJoranConfigurator@51fadaff - Resource [logback.xml] occurs at [file:/C:/Repo/Trails/SpringFramework/target/classes/logback.xml]
17:32:16,841 |-INFO in ch.qos.logback.core.model.processor.AppenderModelHandler - Processing appender named [CONSOLE]
17:32:16,841 |-INFO in ch.qos.logback.core.model.processor.AppenderModelHandler - About to instantiate appender of type [ch.qos.logback.core.ConsoleAppender]
17:32:16,850 |-INFO in ch.qos.logback.core.model.processor.ImplicitModelHandler - Assuming default type [ch.qos.logback.classic.encoder.PatternLayoutEncoder] for [encoder] property
17:32:16,875 |-INFO in ch.qos.logback.classic.model.processor.RootLoggerModelHandler - Setting level of ROOT logger to DEBUG
17:32:16,875 |-INFO in ch.qos.logback.core.model.processor.AppenderRefModelHandler - Attaching appender named [CONSOLE] to Logger[ROOT]
17:32:16,876 |-INFO in ch.qos.logback.core.model.processor.DefaultProcessor@401f7633 - End of configuration.
17:32:16,876 |-INFO in ch.qos.logback.classic.joran.JoranConfigurator@31ff43be - Registering current configuration as safe fallback point
17:32:16,876 |-INFO in ch.qos.logback.classic.util.ContextInitializer@62010f5c - ch.qos.logback.classic.util.DefaultJoranConfigurator.configure() call lasted 122 milliseconds. ExecutionStatus=DO_NOT_INVOKE_NEXT_IF_ANY

2024-09-05 17:32:16 DEBUG o.s.b.t.c.SpringBootTestContextBootstrapper - Neither @ContextConfiguration nor @ContextHierarchy found for test class [LoginTest]: using SpringBootContextLoader
2024-09-05 17:32:16 DEBUG o.s.t.c.s.AbstractContextLoader - Could not detect default resource locations for test class [org.example.tests.LoginTest]: no resource found for suffixes {-context.xml, Context.groovy}.
2024-09-05 17:32:16 INFO  o.s.t.c.s.AnnotationConfigContextLoaderUtils - Could not detect default configuration classes for test class [org.example.tests.LoginTest]: LoginTest does not declare any static, non-private, non-final, nested classes annotated with @Configuration.
2024-09-05 17:32:16 DEBUG o.s.b.t.c.SpringBootTestContextBootstrapper - Using ContextCustomizerFactory implementations for test class [LoginTest]: [ImportsContextCustomizerFactory, ExcludeFilterContextCustomizerFactory, HttpGraphQlTesterContextCustomizerFactory, DuplicateJsonObjectContextCustomizerFactory, MockitoContextCustomizerFactory, TestRestTemplateContextCustomizerFactory, WebTestClientContextCustomizerFactory, DisableReactorResourceFactoryGlobalResourcesContextCustomizerFactory, OverrideAutoConfigurationContextCustomizerFactory, ObservabilityContextCustomizerFactory, TypeExcludeFiltersContextCustomizerFactory, PropertyMappingContextCustomizerFactory, WebDriverContextCustomizerFactory, MockServerContainerContextCustomizerFactory, DynamicPropertiesContextCustomizerFactory]
2024-09-05 17:32:16 DEBUG o.s.b.t.c.SpringBootTestContextBootstrapper - Using ContextCustomizers for test class [LoginTest]: [ExcludeFilterContextCustomizer, DuplicateJsonObjectContextCustomizer, MockitoContextCustomizer, TestRestTemplateContextCustomizer, DisableObservabilityContextCustomizer, PropertyMappingContextCustomizer, WebDriverContextCustomizer]
2024-09-05 17:32:17 DEBUG o.s.c.a.ClassPathScanningCandidateComponentProvider - Identified candidate component class: file [C:\Repo\Trails\SpringFramework\target\classes\org\example\TestAutomationFrameworkApplication.class]
2024-09-05 17:32:17 INFO  o.s.b.t.c.SpringBootTestContextBootstrapper - Found @SpringBootConfiguration org.example.TestAutomationFrameworkApplication for test class org.example.tests.LoginTest
2024-09-05 17:32:17 DEBUG o.s.t.c.u.TestContextSpringFactoriesUtils - Skipping candidate TestExecutionListener [org.springframework.test.context.web.ServletTestExecutionListener] due to a missing dependency. Specify custom TestExecutionListener classes or make the default TestExecutionListener classes and their required dependencies available. Offending class: jakarta/servlet/ServletContext
2024-09-05 17:32:17 DEBUG o.s.t.c.u.TestContextSpringFactoriesUtils - Skipping candidate TestExecutionListener [org.springframework.test.context.observation.MicrometerObservationRegistryTestExecutionListener] due to a missing dependency. Specify custom TestExecutionListener classes or make the default TestExecutionListener classes and their required dependencies available. Offending class: io.micrometer.context.ThreadLocalAccessor. MicrometerObservationRegistryTestExecutionListener requires io.micrometer:micrometer-observation:1.10.8 or higher and io.micrometer:context-propagation:1.0.3 or higher.
2024-09-05 17:32:17 DEBUG o.s.t.c.u.TestContextSpringFactoriesUtils - Skipping candidate TestExecutionListener [org.springframework.test.context.transaction.TransactionalTestExecutionListener] due to a missing dependency. Specify custom TestExecutionListener classes or make the default TestExecutionListener classes and their required dependencies available. Offending class: org/springframework/transaction/interceptor/TransactionAttributeSource
2024-09-05 17:32:17 DEBUG o.s.t.c.u.TestContextSpringFactoriesUtils - Skipping candidate TestExecutionListener [org.springframework.test.context.jdbc.SqlScriptsTestExecutionListener] due to a missing dependency. Specify custom TestExecutionListener classes or make the default TestExecutionListener classes and their required dependencies available. Offending class: org/springframework/transaction/interceptor/TransactionAttribute
2024-09-05 17:32:17 DEBUG o.s.b.t.c.SpringBootTestContextBootstrapper - Using TestExecutionListeners for test class [LoginTest]: [DirtiesContextBeforeModesTestExecutionListener, ApplicationEventsTestExecutionListener, MockitoTestExecutionListener, DependencyInjectionTestExecutionListener, DirtiesContextTestExecutionListener, EventPublishingTestExecutionListener, ResetMocksTestExecutionListener, RestDocsTestExecutionListener, MockRestServiceServerResetTestExecutionListener, MockMvcPrintOnlyOnFailureTestExecutionListener, WebDriverTestExecutionListener, MockWebServiceServerTestExecutionListener]
2024-09-05 17:32:17 DEBUG o.s.t.c.s.DependencyInjectionTestExecutionListener - Performing dependency injection for test class org.example.tests.LoginTest

  .   ____          _            __ _ _
 /\\ / ___'_ __ _ _(_)_ __  __ _ \ \ \ \
( ( )\___ | '_ | '_| | '_ \/ _` | \ \ \ \
 \\/  ___)| |_)| | | | | || (_| |  ) ) ) )
  '  |____| .__|_| |_|_| |_\__, | / / / /
 =========|_|==============|___/=/_/_/_/

 :: Spring Boot ::                (v3.3.3)

2024-09-05 17:32:17 INFO  org.example.tests.LoginTest - Starting LoginTest using Java 17.0.11 with PID 45272 (started by mgottam in C:\Repo\Trails\SpringFramework)
2024-09-05 17:32:17 DEBUG org.example.tests.LoginTest - Running with Spring Boot v3.3.3, Spring v6.1.12
2024-09-05 17:32:17 INFO  org.example.tests.LoginTest - No active profile set, falling back to 1 default profile: "default"
2024-09-05 17:32:17 DEBUG o.s.boot.SpringApplication - Loading source class org.example.TestAutomationFrameworkApplication
2024-09-05 17:32:17 DEBUG o.s.c.a.AnnotationConfigApplicationContext - Refreshing org.springframework.context.annotation.AnnotationConfigApplicationContext@74a195a4
2024-09-05 17:32:17 DEBUG o.s.b.f.s.DefaultListableBeanFactory - Creating shared instance of singleton bean 'org.springframework.context.annotation.internalConfigurationAnnotationProcessor'
2024-09-05 17:32:17 DEBUG o.s.b.f.s.DefaultListableBeanFactory - Creating shared instance of singleton bean 'org.springframework.boot.autoconfigure.internalCachingMetadataReaderFactory'
2024-09-05 17:32:17 DEBUG o.s.c.a.ClassPathBeanDefinitionScanner - Identified candidate component class: file [C:\Repo\Trails\SpringFramework\target\classes\org\example\pages\LoginPage.class]
2024-09-05 17:32:17 DEBUG o.s.c.a.ClassPathBeanDefinitionScanner - Identified candidate component class: file [C:\Repo\Trails\SpringFramework\target\classes\org\example\config\WebDriverConfig.class]
2024-09-05 17:32:17 DEBUG o.s.c.a.ClassPathBeanDefinitionScanner - Identified candidate component class: file [C:\Repo\Trails\SpringFramework\target\classes\org\example\pages\LoginPage.class]
2024-09-05 17:32:17 DEBUG o.s.c.a.ClassPathBeanDefinitionScanner - Identified candidate component class: file [C:\Repo\Trails\SpringFramework\target\classes\org\example\config\WebDriverConfig.class]
2024-09-05 17:32:17 DEBUG o.s.c.a.ClassPathBeanDefinitionScanner - Identified candidate component class: file [C:\Repo\Trails\SpringFramework\target\classes\org\example\utils\AfterEachExtension.class]
2024-09-05 17:32:17 DEBUG o.s.c.a.ClassPathBeanDefinitionScanner - Identified candidate component class: file [C:\Repo\Trails\SpringFramework\target\classes\org\example\utils\CommonScriptUtilities.class]
2024-09-05 17:32:17 DEBUG o.s.c.a.ClassPathBeanDefinitionScanner - Identified candidate component class: file [C:\Repo\Trails\SpringFramework\target\classes\org\example\utils\ReportUtils.class]
2024-09-05 17:32:17 DEBUG o.s.c.a.ClassPathBeanDefinitionScanner - Identified candidate component class: file [C:\Repo\Trails\SpringFramework\target\classes\org\example\utils\ScreenshotUtils.class]
2024-09-05 17:32:17 DEBUG o.s.c.a.ClassPathBeanDefinitionScanner - Identified candidate component class: file [C:\Repo\Trails\SpringFramework\target\classes\org\example\utils\SeleniumDriverUtils.class]
2024-09-05 17:32:17 DEBUG o.s.b.f.s.DefaultListableBeanFactory - Creating shared instance of singleton bean 'propertySourcesPlaceholderConfigurer'
2024-09-05 17:32:17 DEBUG o.s.b.f.s.DefaultListableBeanFactory - Creating shared instance of singleton bean 'org.springframework.boot.test.mock.mockito.MockitoPostProcessor'
2024-09-05 17:32:17 DEBUG o.s.b.f.s.DefaultListableBeanFactory - Creating shared instance of singleton bean 'org.springframework.boot.sql.init.dependency.DatabaseInitializationDependencyConfigurer$DependsOnDatabaseInitializationPostProcessor'
2024-09-05 17:32:17 DEBUG o.s.b.f.s.DefaultListableBeanFactory - Creating shared instance of singleton bean 'org.springframework.context.event.internalEventListenerProcessor'
2024-09-05 17:32:17 DEBUG o.s.b.f.s.DefaultListableBeanFactory - Creating shared instance of singleton bean 'forceAutoProxyCreatorToUseClassProxying'
2024-09-05 17:32:17 DEBUG o.s.b.f.s.DefaultListableBeanFactory - Creating shared instance of singleton bean 'org.springframework.context.event.internalEventListenerFactory'
2024-09-05 17:32:17 DEBUG o.s.b.f.s.DefaultListableBeanFactory - Creating shared instance of singleton bean 'org.springframework.context.annotation.internalAutowiredAnnotationProcessor'
2024-09-05 17:32:17 DEBUG o.s.b.f.s.DefaultListableBeanFactory - Creating shared instance of singleton bean 'org.springframework.context.annotation.internalCommonAnnotationProcessor'
2024-09-05 17:32:17 DEBUG o.s.b.f.s.DefaultListableBeanFactory - Creating shared instance of singleton bean 'org.springframework.boot.test.mock.mockito.MockitoPostProcessor$SpyPostProcessor'
2024-09-05 17:32:17 DEBUG o.s.b.f.s.DefaultListableBeanFactory - Creating shared instance of singleton bean 'org.springframework.boot.context.properties.ConfigurationPropertiesBindingPostProcessor'
2024-09-05 17:32:17 DEBUG o.s.b.f.s.DefaultListableBeanFactory - Creating shared instance of singleton bean 'org.springframework.boot.context.internalConfigurationPropertiesBinder'
2024-09-05 17:32:17 DEBUG o.s.b.f.s.DefaultListableBeanFactory - Creating shared instance of singleton bean 'org.springframework.aop.config.internalAutoProxyCreator'
2024-09-05 17:32:17 DEBUG o.s.b.f.s.DefaultListableBeanFactory - Creating shared instance of singleton bean 'testAutomationFrameworkApplication'
2024-09-05 17:32:17 DEBUG o.s.b.f.s.DefaultListableBeanFactory - Creating shared instance of singleton bean 'loginPage'
2024-09-05 17:32:17 DEBUG o.s.b.f.s.DefaultListableBeanFactory - Creating shared instance of singleton bean 'seleniumDriverUtils'
2024-09-05 17:32:17 DEBUG o.s.b.f.s.DefaultListableBeanFactory - Creating shared instance of singleton bean 'webDriverConfig'
2024-09-05 17:33:43 WARN  o.o.selenium.manager.SeleniumManager - Exception managing chrome: error sending request for url (https://googlechromelabs.github.io/chrome-for-testing/known-good-versions-with-downloads.json)
2024-09-05 17:33:43 WARN  o.o.selenium.manager.SeleniumManager - The chromedriver version (127.0.6533.72) detected in PATH at C:\Drivers\chromedriver.exe might not be compatible with the detected chrome version (128.0.6613.115); currently, chromedriver  is recommended for chrome 128.*, so it is advised to delete the driver in PATH and retry
2024-09-05 17:33:44 WARN  o.o.s.devtools.CdpVersionFinder - Unable to find an exact match for CDP version 128, returning the closest version; found: 127; Please update to a Selenium version that supports CDP version 128
2024-09-05 17:33:44 DEBUG o.s.b.f.s.DefaultListableBeanFactory - Creating shared instance of singleton bean 'reportUtils'
2024-09-05 17:33:44 DEBUG o.s.b.f.s.DefaultListableBeanFactory - Creating shared instance of singleton bean 'commonScriptUtilities'
2024-09-05 17:33:44 DEBUG o.s.b.f.s.DefaultListableBeanFactory - Creating shared instance of singleton bean 'screenshotUtils'
2024-09-05 17:33:44 DEBUG o.s.b.f.s.DefaultListableBeanFactory - Autowiring by type from bean name 'screenshotUtils' via constructor to bean named 'webDriver'
2024-09-05 17:33:44 DEBUG o.s.b.f.s.DefaultListableBeanFactory - Autowiring by type from bean name 'reportUtils' via constructor to bean named 'commonScriptUtilities'
2024-09-05 17:33:44 DEBUG o.s.b.f.s.DefaultListableBeanFactory - Autowiring by type from bean name 'reportUtils' via constructor to bean named 'screenshotUtils'
2024-09-05 17:33:44 DEBUG o.s.b.f.s.DefaultListableBeanFactory - Autowiring by type from bean name 'seleniumDriverUtils' via constructor to bean named 'webDriver'
2024-09-05 17:33:44 DEBUG o.s.b.f.s.DefaultListableBeanFactory - Autowiring by type from bean name 'seleniumDriverUtils' via constructor to bean named 'reportUtils'
2024-09-05 17:33:44 DEBUG o.s.b.f.s.DefaultListableBeanFactory - Autowiring by type from bean name 'loginPage' via constructor to bean named 'seleniumDriverUtils'
2024-09-05 17:33:44 DEBUG o.s.b.f.s.DefaultListableBeanFactory - Creating shared instance of singleton bean 'afterEachExtension'
2024-09-05 17:33:44 DEBUG o.s.b.f.s.DefaultListableBeanFactory - Creating shared instance of singleton bean 'org.example.AppConfig'
2024-09-05 17:33:44 DEBUG o.s.b.f.s.DefaultListableBeanFactory - Creating shared instance of singleton bean 'org.springframework.boot.autoconfigure.AutoConfigurationPackages'
2024-09-05 17:33:44 DEBUG o.s.b.f.s.DefaultListableBeanFactory - Creating shared instance of singleton bean 'org.springframework.boot.autoconfigure.context.PropertyPlaceholderAutoConfiguration'
2024-09-05 17:33:44 DEBUG o.s.b.f.s.DefaultListableBeanFactory - Creating shared instance of singleton bean 'org.springframework.boot.autoconfigure.aop.AopAutoConfiguration$ClassProxyingConfiguration'
2024-09-05 17:33:44 DEBUG o.s.b.f.s.DefaultListableBeanFactory - Creating shared instance of singleton bean 'org.springframework.boot.autoconfigure.aop.AopAutoConfiguration'
2024-09-05 17:33:44 DEBUG o.s.b.f.s.DefaultListableBeanFactory - Creating shared instance of singleton bean 'org.springframework.boot.autoconfigure.availability.ApplicationAvailabilityAutoConfiguration'
2024-09-05 17:33:44 DEBUG o.s.b.f.s.DefaultListableBeanFactory - Creating shared instance of singleton bean 'applicationAvailability'
2024-09-05 17:33:44 DEBUG o.s.b.f.s.DefaultListableBeanFactory - Creating shared instance of singleton bean 'org.springframework.boot.autoconfigure.context.ConfigurationPropertiesAutoConfiguration'
2024-09-05 17:33:44 DEBUG o.s.b.f.s.DefaultListableBeanFactory - Creating shared instance of singleton bean 'org.springframework.boot.context.properties.BoundConfigurationProperties'
2024-09-05 17:33:44 DEBUG o.s.b.f.s.DefaultListableBeanFactory - Creating shared instance of singleton bean 'org.springframework.boot.context.properties.EnableConfigurationPropertiesRegistrar.methodValidationExcludeFilter'
2024-09-05 17:33:44 DEBUG o.s.b.f.s.DefaultListableBeanFactory - Creating shared instance of singleton bean 'org.springframework.boot.autoconfigure.context.LifecycleAutoConfiguration'
2024-09-05 17:33:44 DEBUG o.s.b.f.s.DefaultListableBeanFactory - Creating shared instance of singleton bean 'lifecycleProcessor'
2024-09-05 17:33:44 DEBUG o.s.b.f.s.DefaultListableBeanFactory - Creating shared instance of singleton bean 'spring.lifecycle-org.springframework.boot.autoconfigure.context.LifecycleProperties'
2024-09-05 17:33:44 DEBUG o.s.b.f.s.DefaultListableBeanFactory - Autowiring by type from bean name 'lifecycleProcessor' via factory method to bean named 'spring.lifecycle-org.springframework.boot.autoconfigure.context.LifecycleProperties'
2024-09-05 17:33:44 DEBUG o.s.b.f.s.DefaultListableBeanFactory - Creating shared instance of singleton bean 'org.springframework.boot.autoconfigure.gson.GsonAutoConfiguration'
2024-09-05 17:33:44 DEBUG o.s.b.f.s.DefaultListableBeanFactory - Creating shared instance of singleton bean 'gsonBuilder'
2024-09-05 17:33:44 DEBUG o.s.b.f.s.DefaultListableBeanFactory - Creating shared instance of singleton bean 'standardGsonBuilderCustomizer'
2024-09-05 17:33:44 DEBUG o.s.b.f.s.DefaultListableBeanFactory - Creating shared instance of singleton bean 'spring.gson-org.springframework.boot.autoconfigure.gson.GsonProperties'
2024-09-05 17:33:44 DEBUG o.s.b.f.s.DefaultListableBeanFactory - Autowiring by type from bean name 'standardGsonBuilderCustomizer' via factory method to bean named 'spring.gson-org.springframework.boot.autoconfigure.gson.GsonProperties'
2024-09-05 17:33:44 DEBUG o.s.b.f.s.DefaultListableBeanFactory - Autowiring by type from bean name 'gsonBuilder' via factory method to bean named 'standardGsonBuilderCustomizer'
2024-09-05 17:33:44 DEBUG o.s.b.f.s.DefaultListableBeanFactory - Creating shared instance of singleton bean 'gson'
2024-09-05 17:33:44 DEBUG o.s.b.f.s.DefaultListableBeanFactory - Autowiring by type from bean name 'gson' via factory method to bean named 'gsonBuilder'
2024-09-05 17:33:44 DEBUG o.s.b.f.s.DefaultListableBeanFactory - Creating shared instance of singleton bean 'org.springframework.boot.autoconfigure.info.ProjectInfoAutoConfiguration'
2024-09-05 17:33:44 DEBUG o.s.b.f.s.DefaultListableBeanFactory - Creating shared instance of singleton bean 'spring.info-org.springframework.boot.autoconfigure.info.ProjectInfoProperties'
2024-09-05 17:33:44 DEBUG o.s.b.f.s.DefaultListableBeanFactory - Autowiring by type from bean name 'org.springframework.boot.autoconfigure.info.ProjectInfoAutoConfiguration' via constructor to bean named 'spring.info-org.springframework.boot.autoconfigure.info.ProjectInfoProperties'
2024-09-05 17:33:44 DEBUG o.s.b.f.s.DefaultListableBeanFactory - Creating shared instance of singleton bean 'org.springframework.boot.autoconfigure.sql.init.SqlInitializationAutoConfiguration'
2024-09-05 17:33:44 DEBUG o.s.b.f.s.DefaultListableBeanFactory - Creating shared instance of singleton bean 'spring.sql.init-org.springframework.boot.autoconfigure.sql.init.SqlInitializationProperties'
2024-09-05 17:33:44 DEBUG o.s.b.f.s.DefaultListableBeanFactory - Creating shared instance of singleton bean 'org.springframework.boot.autoconfigure.ssl.SslAutoConfiguration'
2024-09-05 17:33:44 DEBUG o.s.b.f.s.DefaultListableBeanFactory - Creating shared instance of singleton bean 'spring.ssl-org.springframework.boot.autoconfigure.ssl.SslProperties'
2024-09-05 17:33:44 DEBUG o.s.b.f.s.DefaultListableBeanFactory - Autowiring by type from bean name 'org.springframework.boot.autoconfigure.ssl.SslAutoConfiguration' via constructor to bean named 'spring.ssl-org.springframework.boot.autoconfigure.ssl.SslProperties'
2024-09-05 17:33:44 DEBUG o.s.b.f.s.DefaultListableBeanFactory - Creating shared instance of singleton bean 'fileWatcher'
2024-09-05 17:33:44 DEBUG o.s.b.f.s.DefaultListableBeanFactory - Creating shared instance of singleton bean 'sslPropertiesSslBundleRegistrar'
2024-09-05 17:33:44 DEBUG o.s.b.f.s.DefaultListableBeanFactory - Autowiring by type from bean name 'sslPropertiesSslBundleRegistrar' via factory method to bean named 'fileWatcher'
2024-09-05 17:33:44 DEBUG o.s.b.f.s.DefaultListableBeanFactory - Creating shared instance of singleton bean 'sslBundleRegistry'
2024-09-05 17:33:44 DEBUG o.s.b.f.s.DefaultListableBeanFactory - Creating shared instance of singleton bean 'org.springframework.boot.autoconfigure.task.TaskExecutorConfigurations$ThreadPoolTaskExecutorBuilderConfiguration'
2024-09-05 17:33:44 DEBUG o.s.b.f.s.DefaultListableBeanFactory - Creating shared instance of singleton bean 'threadPoolTaskExecutorBuilder'
2024-09-05 17:33:44 DEBUG o.s.b.f.s.DefaultListableBeanFactory - Creating shared instance of singleton bean 'spring.task.execution-org.springframework.boot.autoconfigure.task.TaskExecutionProperties'
2024-09-05 17:33:44 DEBUG o.s.b.f.s.DefaultListableBeanFactory - Autowiring by type from bean name 'threadPoolTaskExecutorBuilder' via factory method to bean named 'spring.task.execution-org.springframework.boot.autoconfigure.task.TaskExecutionProperties'
2024-09-05 17:33:44 DEBUG o.s.b.f.s.DefaultListableBeanFactory - Creating shared instance of singleton bean 'org.springframework.boot.autoconfigure.task.TaskExecutorConfigurations$TaskExecutorBuilderConfiguration'
2024-09-05 17:33:44 DEBUG o.s.b.f.s.DefaultListableBeanFactory - Creating shared instance of singleton bean 'taskExecutorBuilder'
2024-09-05 17:33:44 DEBUG o.s.b.f.s.DefaultListableBeanFactory - Autowiring by type from bean name 'taskExecutorBuilder' via factory method to bean named 'spring.task.execution-org.springframework.boot.autoconfigure.task.TaskExecutionProperties'
2024-09-05 17:33:44 DEBUG o.s.b.f.s.DefaultListableBeanFactory - Creating shared instance of singleton bean 'org.springframework.boot.autoconfigure.task.TaskExecutorConfigurations$SimpleAsyncTaskExecutorBuilderConfiguration'
2024-09-05 17:33:44 DEBUG o.s.b.f.s.DefaultListableBeanFactory - Autowiring by type from bean name 'org.springframework.boot.autoconfigure.task.TaskExecutorConfigurations$SimpleAsyncTaskExecutorBuilderConfiguration' via constructor to bean named 'spring.task.execution-org.springframework.boot.autoconfigure.task.TaskExecutionProperties'
2024-09-05 17:33:44 DEBUG o.s.b.f.s.DefaultListableBeanFactory - Creating shared instance of singleton bean 'simpleAsyncTaskExecutorBuilder'
2024-09-05 17:33:44 DEBUG o.s.b.f.s.DefaultListableBeanFactory - Creating shared instance of singleton bean 'org.springframework.boot.autoconfigure.task.TaskExecutorConfigurations$TaskExecutorConfiguration'
2024-09-05 17:33:44 DEBUG o.s.b.f.s.DefaultListableBeanFactory - Creating shared instance of singleton bean 'org.springframework.boot.autoconfigure.task.TaskExecutionAutoConfiguration'
2024-09-05 17:33:44 DEBUG o.s.b.f.s.DefaultListableBeanFactory - Creating shared instance of singleton bean 'org.springframework.boot.autoconfigure.task.TaskSchedulingConfigurations$ThreadPoolTaskSchedulerBuilderConfiguration'
2024-09-05 17:33:44 DEBUG o.s.b.f.s.DefaultListableBeanFactory - Creating shared instance of singleton bean 'threadPoolTaskSchedulerBuilder'
2024-09-05 17:33:44 DEBUG o.s.b.f.s.DefaultListableBeanFactory - Creating shared instance of singleton bean 'spring.task.scheduling-org.springframework.boot.autoconfigure.task.TaskSchedulingProperties'
2024-09-05 17:33:44 DEBUG o.s.b.f.s.DefaultListableBeanFactory - Autowiring by type from bean name 'threadPoolTaskSchedulerBuilder' via factory method to bean named 'spring.task.scheduling-org.springframework.boot.autoconfigure.task.TaskSchedulingProperties'
2024-09-05 17:33:44 DEBUG o.s.b.f.s.DefaultListableBeanFactory - Creating shared instance of singleton bean 'org.springframework.boot.autoconfigure.task.TaskSchedulingConfigurations$TaskSchedulerBuilderConfiguration'
2024-09-05 17:33:44 DEBUG o.s.b.f.s.DefaultListableBeanFactory - Creating shared instance of singleton bean 'taskSchedulerBuilder'
2024-09-05 17:33:44 DEBUG o.s.b.f.s.DefaultListableBeanFactory - Autowiring by type from bean name 'taskSchedulerBuilder' via factory method to bean named 'spring.task.scheduling-org.springframework.boot.autoconfigure.task.TaskSchedulingProperties'
2024-09-05 17:33:44 DEBUG o.s.b.f.s.DefaultListableBeanFactory - Creating shared instance of singleton bean 'org.springframework.boot.autoconfigure.task.TaskSchedulingConfigurations$SimpleAsyncTaskSchedulerBuilderConfiguration'
2024-09-05 17:33:44 DEBUG o.s.b.f.s.DefaultListableBeanFactory - Autowiring by type from bean name 'org.springframework.boot.autoconfigure.task.TaskSchedulingConfigurations$SimpleAsyncTaskSchedulerBuilderConfiguration' via constructor to bean named 'spring.task.scheduling-org.springframework.boot.autoconfigure.task.TaskSchedulingProperties'
2024-09-05 17:33:44 DEBUG o.s.b.f.s.DefaultListableBeanFactory - Creating shared instance of singleton bean 'simpleAsyncTaskSchedulerBuilder'
2024-09-05 17:33:44 DEBUG o.s.b.f.s.DefaultListableBeanFactory - Creating shared instance of singleton bean 'org.springframework.boot.autoconfigure.task.TaskSchedulingAutoConfiguration'
2024-09-05 17:33:45 DEBUG o.s.b.f.s.DefaultListableBeanFactory - Creating shared instance of singleton bean 'applicationTaskExecutor'
2024-09-05 17:33:45 DEBUG o.s.b.f.s.DefaultListableBeanFactory - Autowiring by type from bean name 'applicationTaskExecutor' via factory method to bean named 'taskExecutorBuilder'
2024-09-05 17:33:45 DEBUG o.s.s.c.ThreadPoolTaskExecutor - Initializing ExecutorService 'applicationTaskExecutor'
2024-09-05 17:33:45 DEBUG o.s.c.s.DefaultLifecycleProcessor - Starting beans in phase -2147483647
2024-09-05 17:33:45 DEBUG o.s.c.s.DefaultLifecycleProcessor - Successfully started bean 'springBootLoggingLifecycle'
2024-09-05 17:33:45 DEBUG o.s.c.s.DefaultLifecycleProcessor - Starting beans in phase 2147483647
2024-09-05 17:33:45 DEBUG o.s.b.a.l.ConditionEvaluationReportLogger - 


============================
CONDITIONS EVALUATION REPORT
============================


Positive matches:
-----------------

   AopAutoConfiguration matched:
      - @ConditionalOnProperty (spring.aop.auto=true) matched (OnPropertyCondition)

   AopAutoConfiguration.ClassProxyingConfiguration matched:
      - @ConditionalOnMissingClass did not find unwanted class 'org.aspectj.weaver.Advice' (OnClassCondition)
      - @ConditionalOnProperty (spring.aop.proxy-target-class=true) matched (OnPropertyCondition)

   ApplicationAvailabilityAutoConfiguration#applicationAvailability matched:
      - @ConditionalOnMissingBean (types: org.springframework.boot.availability.ApplicationAvailability; SearchStrategy: all) did not find any beans (OnBeanCondition)

   GenericCacheConfiguration matched:
      - Cache org.springframework.boot.autoconfigure.cache.GenericCacheConfiguration automatic cache type (CacheCondition)

   GsonAutoConfiguration matched:
      - @ConditionalOnClass found required class 'com.google.gson.Gson' (OnClassCondition)

   GsonAutoConfiguration#gson matched:
      - @ConditionalOnMissingBean (types: com.google.gson.Gson; SearchStrategy: all) did not find any beans (OnBeanCondition)

   GsonAutoConfiguration#gsonBuilder matched:
      - @ConditionalOnMissingBean (types: com.google.gson.GsonBuilder; SearchStrategy: all) did not find any beans (OnBeanCondition)

   LifecycleAutoConfiguration#defaultLifecycleProcessor matched:
      - @ConditionalOnMissingBean (names: lifecycleProcessor; SearchStrategy: current) did not find any beans (OnBeanCondition)

   NoOpCacheConfiguration matched:
      - Cache org.springframework.boot.autoconfigure.cache.NoOpCacheConfiguration automatic cache type (CacheCondition)

   PropertyPlaceholderAutoConfiguration#propertySourcesPlaceholderConfigurer matched:
      - @ConditionalOnMissingBean (types: org.springframework.context.support.PropertySourcesPlaceholderConfigurer; SearchStrategy: current) did not find any beans (OnBeanCondition)

   SimpleCacheConfiguration matched:
      - Cache org.springframework.boot.autoconfigure.cache.SimpleCacheConfiguration automatic cache type (CacheCondition)

   SqlInitializationAutoConfiguration matched:
      - @ConditionalOnProperty (spring.sql.init.enabled) matched (OnPropertyCondition)
      - NoneNestedConditions 0 matched 1 did not; NestedCondition on SqlInitializationAutoConfiguration.SqlInitializationModeCondition.ModeIsNever @ConditionalOnProperty (spring.sql.init.mode=never) did not find property 'mode' (SqlInitializationAutoConfiguration.SqlInitializationModeCondition)

   SslAutoConfiguration#sslBundleRegistry matched:
      - @ConditionalOnMissingBean (types: org.springframework.boot.ssl.SslBundleRegistry,org.springframework.boot.ssl.SslBundles; SearchStrategy: all) did not find any beans (OnBeanCondition)

   TaskExecutionAutoConfiguration matched:
      - @ConditionalOnClass found required class 'org.springframework.scheduling.concurrent.ThreadPoolTaskExecutor' (OnClassCondition)

   TaskExecutorConfigurations.SimpleAsyncTaskExecutorBuilderConfiguration#simpleAsyncTaskExecutorBuilder matched:
      - @ConditionalOnMissingBean (types: org.springframework.boot.task.SimpleAsyncTaskExecutorBuilder; SearchStrategy: all) did not find any beans (OnBeanCondition)
      - @ConditionalOnThreading found PLATFORM (OnThreadingCondition)

   TaskExecutorConfigurations.TaskExecutorBuilderConfiguration#taskExecutorBuilder matched:
      - @ConditionalOnMissingBean (types: org.springframework.boot.task.TaskExecutorBuilder; SearchStrategy: all) did not find any beans (OnBeanCondition)

   TaskExecutorConfigurations.TaskExecutorConfiguration matched:
      - @ConditionalOnMissingBean (types: java.util.concurrent.Executor; SearchStrategy: all) did not find any beans (OnBeanCondition)

   TaskExecutorConfigurations.TaskExecutorConfiguration#applicationTaskExecutor matched:
      - @ConditionalOnThreading found PLATFORM (OnThreadingCondition)

   TaskExecutorConfigurations.ThreadPoolTaskExecutorBuilderConfiguration#threadPoolTaskExecutorBuilder matched:
      - @ConditionalOnMissingBean (types: org.springframework.boot.task.TaskExecutorBuilder,org.springframework.boot.task.ThreadPoolTaskExecutorBuilder; SearchStrategy: all) did not find any beans (OnBeanCondition)

   TaskSchedulingAutoConfiguration matched:
      - @ConditionalOnClass found required class 'org.springframework.scheduling.concurrent.ThreadPoolTaskScheduler' (OnClassCondition)

   TaskSchedulingConfigurations.SimpleAsyncTaskSchedulerBuilderConfiguration#simpleAsyncTaskSchedulerBuilder matched:
      - @ConditionalOnMissingBean (types: org.springframework.boot.task.SimpleAsyncTaskSchedulerBuilder; SearchStrategy: all) did not find any beans (OnBeanCondition)
      - @ConditionalOnThreading found PLATFORM (OnThreadingCondition)

   TaskSchedulingConfigurations.TaskSchedulerBuilderConfiguration#taskSchedulerBuilder matched:
      - @ConditionalOnMissingBean (types: org.springframework.boot.task.TaskSchedulerBuilder; SearchStrategy: all) did not find any beans (OnBeanCondition)

   TaskSchedulingConfigurations.ThreadPoolTaskSchedulerBuilderConfiguration#threadPoolTaskSchedulerBuilder matched:
      - @ConditionalOnMissingBean (types: org.springframework.boot.task.TaskSchedulerBuilder,org.springframework.boot.task.ThreadPoolTaskSchedulerBuilder; SearchStrategy: all) did not find any beans (OnBeanCondition)


Negative matches:
-----------------

   ActiveMQAutoConfiguration:
      Did not match:
         - @ConditionalOnClass did not find required class 'jakarta.jms.ConnectionFactory' (OnClassCondition)

   AopAutoConfiguration.AspectJAutoProxyingConfiguration:
      Did not match:
         - @ConditionalOnClass did not find required class 'org.aspectj.weaver.Advice' (OnClassCondition)

   ArtemisAutoConfiguration:
      Did not match:
         - @ConditionalOnClass did not find required class 'jakarta.jms.ConnectionFactory' (OnClassCondition)

   BatchAutoConfiguration:
      Did not match:
         - @ConditionalOnClass did not find required class 'org.springframework.batch.core.launch.JobLauncher' (OnClassCondition)

   Cache2kCacheConfiguration:
      Did not match:
         - @ConditionalOnClass did not find required class 'org.cache2k.Cache2kBuilder' (OnClassCondition)

   CacheAutoConfiguration:
      Did not match:
         - @ConditionalOnBean (types: org.springframework.cache.interceptor.CacheAspectSupport; SearchStrategy: all) did not find any beans of type org.springframework.cache.interceptor.CacheAspectSupport (OnBeanCondition)
      Matched:
         - @ConditionalOnClass found required class 'org.springframework.cache.CacheManager' (OnClassCondition)

   CacheAutoConfiguration.CacheManagerEntityManagerFactoryDependsOnPostProcessor:
      Did not match:
         - @ConditionalOnClass did not find required class 'org.springframework.orm.jpa.LocalContainerEntityManagerFactoryBean' (OnClassCondition)
         - Ancestor org.springframework.boot.autoconfigure.cache.CacheAutoConfiguration did not match (ConditionEvaluationReport.AncestorsMatchedCondition)

   CaffeineCacheConfiguration:
      Did not match:
         - @ConditionalOnClass did not find required class 'com.github.benmanes.caffeine.cache.Caffeine' (OnClassCondition)

   CassandraAutoConfiguration:
      Did not match:
         - @ConditionalOnClass did not find required class 'com.datastax.oss.driver.api.core.CqlSession' (OnClassCondition)

   CassandraDataAutoConfiguration:
      Did not match:
         - @ConditionalOnClass did not find required class 'com.datastax.oss.driver.api.core.CqlSession' (OnClassCondition)

   CassandraReactiveDataAutoConfiguration:
      Did not match:
         - @ConditionalOnClass did not find required class 'com.datastax.oss.driver.api.core.CqlSession' (OnClassCondition)

   CassandraReactiveRepositoriesAutoConfiguration:
      Did not match:
         - @ConditionalOnClass did not find required class 'org.springframework.data.cassandra.ReactiveSession' (OnClassCondition)

   CassandraRepositoriesAutoConfiguration:
      Did not match:
         - @ConditionalOnClass did not find required class 'com.datastax.oss.driver.api.core.CqlSession' (OnClassCondition)

   ClientHttpConnectorAutoConfiguration:
      Did not match:
         - @ConditionalOnClass did not find required class 'org.springframework.web.reactive.function.client.WebClient' (OnClassCondition)

   CodecsAutoConfiguration:
      Did not match:
         - @ConditionalOnClass did not find required class 'org.springframework.http.codec.CodecConfigurer' (OnClassCondition)

   CouchbaseAutoConfiguration:
      Did not match:
         - @ConditionalOnClass did not find required class 'com.couchbase.client.java.Cluster' (OnClassCondition)

   CouchbaseCacheConfiguration:
      Did not match:
         - @ConditionalOnClass did not find required class 'com.couchbase.client.java.Cluster' (OnClassCondition)

   CouchbaseDataAutoConfiguration:
      Did not match:
         - @ConditionalOnClass did not find required class 'com.couchbase.client.java.Bucket' (OnClassCondition)

   CouchbaseReactiveDataAutoConfiguration:
      Did not match:
         - @ConditionalOnClass did not find required class 'com.couchbase.client.java.Cluster' (OnClassCondition)

   CouchbaseReactiveRepositoriesAutoConfiguration:
      Did not match:
         - @ConditionalOnClass did not find required class 'com.couchbase.client.java.Cluster' (OnClassCondition)

   CouchbaseRepositoriesAutoConfiguration:
      Did not match:
         - @ConditionalOnClass did not find required class 'com.couchbase.client.java.Bucket' (OnClassCondition)

   DataSourceAutoConfiguration:
      Did not match:
         - @ConditionalOnClass did not find required class 'org.springframework.jdbc.datasource.embedded.EmbeddedDatabaseType' (OnClassCondition)

   DataSourceInitializationConfiguration:
      Did not match:
         - @ConditionalOnClass did not find required class 'org.springframework.jdbc.datasource.init.DatabasePopulator' (OnClassCondition)

   DataSourceTransactionManagerAutoConfiguration:
      Did not match:
         - @ConditionalOnClass did not find required class 'org.springframework.jdbc.core.JdbcTemplate' (OnClassCondition)

   DispatcherServletAutoConfiguration:
      Did not match:
         - @ConditionalOnClass did not find required class 'org.springframework.web.servlet.DispatcherServlet' (OnClassCondition)

   ElasticsearchClientAutoConfiguration:
      Did not match:
         - @ConditionalOnClass did not find required class 'co.elastic.clients.elasticsearch.ElasticsearchClient' (OnClassCondition)

   ElasticsearchDataAutoConfiguration:
      Did not match:
         - @ConditionalOnClass did not find required class 'org.springframework.data.elasticsearch.client.elc.ElasticsearchTemplate' (OnClassCondition)

   ElasticsearchRepositoriesAutoConfiguration:
      Did not match:
         - @ConditionalOnClass did not find required class 'org.springframework.data.elasticsearch.repository.ElasticsearchRepository' (OnClassCondition)

   ElasticsearchRestClientAutoConfiguration:
      Did not match:
         - @ConditionalOnClass did not find required class 'org.elasticsearch.client.RestClientBuilder' (OnClassCondition)

   EmbeddedLdapAutoConfiguration:
      Did not match:
         - @ConditionalOnClass did not find required class 'com.unboundid.ldap.listener.InMemoryDirectoryServer' (OnClassCondition)

   EmbeddedWebServerFactoryCustomizerAutoConfiguration:
      Did not match:
         - @ConditionalOnWebApplication did not find reactive or servlet web application classes (OnWebApplicationCondition)

   ErrorMvcAutoConfiguration:
      Did not match:
         - @ConditionalOnClass did not find required class 'jakarta.servlet.Servlet' (OnClassCondition)

   ErrorWebFluxAutoConfiguration:
      Did not match:
         - @ConditionalOnClass did not find required class 'org.springframework.web.reactive.config.WebFluxConfigurer' (OnClassCondition)

   FlywayAutoConfiguration:
      Did not match:
         - @ConditionalOnClass did not find required class 'org.flywaydb.core.Flyway' (OnClassCondition)

   FreeMarkerAutoConfiguration:
      Did not match:
         - @ConditionalOnClass did not find required class 'org.springframework.ui.freemarker.FreeMarkerConfigurationFactory' (OnClassCondition)

   GraphQlAutoConfiguration:
      Did not match:
         - @ConditionalOnClass did not find required class 'graphql.GraphQL' (OnClassCondition)

   GraphQlQueryByExampleAutoConfiguration:
      Did not match:
         - @ConditionalOnClass did not find required class 'graphql.GraphQL' (OnClassCondition)

   GraphQlQuerydslAutoConfiguration:
      Did not match:
         - @ConditionalOnClass did not find required class 'com.querydsl.core.Query' (OnClassCondition)

   GraphQlRSocketAutoConfiguration:
      Did not match:
         - @ConditionalOnClass did not find required class 'graphql.GraphQL' (OnClassCondition)

   GraphQlReactiveQueryByExampleAutoConfiguration:
      Did not match:
         - @ConditionalOnClass did not find required class 'graphql.GraphQL' (OnClassCondition)

   GraphQlReactiveQuerydslAutoConfiguration:
      Did not match:
         - @ConditionalOnClass did not find required class 'com.querydsl.core.Query' (OnClassCondition)

   GraphQlWebFluxAutoConfiguration:
      Did not match:
         - @ConditionalOnClass did not find required class 'graphql.GraphQL' (OnClassCondition)

   GraphQlWebFluxSecurityAutoConfiguration:
      Did not match:
         - @ConditionalOnClass did not find required class 'graphql.GraphQL' (OnClassCondition)

   GraphQlWebMvcAutoConfiguration:
      Did not match:
         - @ConditionalOnClass did not find required class 'graphql.GraphQL' (OnClassCondition)

   GraphQlWebMvcSecurityAutoConfiguration:
      Did not match:
         - @ConditionalOnClass did not find required class 'graphql.GraphQL' (OnClassCondition)

   GroovyTemplateAutoConfiguration:
      Did not match:
         - @ConditionalOnClass did not find required class 'groovy.text.markup.MarkupTemplateEngine' (OnClassCondition)

   H2ConsoleAutoConfiguration:
      Did not match:
         - @ConditionalOnClass did not find required class 'org.h2.server.web.JakartaWebServlet' (OnClassCondition)

   HazelcastAutoConfiguration:
      Did not match:
         - @ConditionalOnClass did not find required class 'com.hazelcast.core.HazelcastInstance' (OnClassCondition)

   HazelcastCacheConfiguration:
      Did not match:
         - @ConditionalOnClass did not find required class 'com.hazelcast.core.HazelcastInstance' (OnClassCondition)

   HazelcastJpaDependencyAutoConfiguration:
      Did not match:
         - @ConditionalOnClass did not find required class 'com.hazelcast.core.HazelcastInstance' (OnClassCondition)

   HibernateJpaAutoConfiguration:
      Did not match:
         - @ConditionalOnClass did not find required class 'jakarta.persistence.EntityManager' (OnClassCondition)

   HttpEncodingAutoConfiguration:
      Did not match:
         - @ConditionalOnClass did not find required class 'org.springframework.web.filter.CharacterEncodingFilter' (OnClassCondition)

   HttpHandlerAutoConfiguration:
      Did not match:
         - @ConditionalOnClass did not find required class 'org.springframework.http.server.reactive.HttpHandler' (OnClassCondition)

   HttpMessageConvertersAutoConfiguration:
      Did not match:
         - @ConditionalOnClass did not find required class 'org.springframework.http.converter.HttpMessageConverter' (OnClassCondition)

   HypermediaAutoConfiguration:
      Did not match:
         - @ConditionalOnClass did not find required class 'org.springframework.hateoas.EntityModel' (OnClassCondition)

   InfinispanCacheConfiguration:
      Did not match:
         - @ConditionalOnClass did not find required class 'org.infinispan.spring.embedded.provider.SpringEmbeddedCacheManager' (OnClassCondition)

   InfluxDbAutoConfiguration:
      Did not match:
         - @ConditionalOnClass did not find required class 'org.influxdb.InfluxDB' (OnClassCondition)

   IntegrationAutoConfiguration:
      Did not match:
         - @ConditionalOnClass did not find required class 'org.springframework.integration.config.EnableIntegration' (OnClassCondition)

   JCacheCacheConfiguration:
      Did not match:
         - @ConditionalOnClass did not find required class 'javax.cache.Caching' (OnClassCondition)

   JacksonAutoConfiguration:
      Did not match:
         - @ConditionalOnClass did not find required class 'com.fasterxml.jackson.databind.ObjectMapper' (OnClassCondition)

   JdbcClientAutoConfiguration:
      Did not match:
         - @ConditionalOnSingleCandidate did not find required type 'org.springframework.jdbc.core.namedparam.NamedParameterJdbcTemplate' (OnBeanCondition)

   JdbcRepositoriesAutoConfiguration:
      Did not match:
         - @ConditionalOnClass did not find required class 'org.springframework.data.jdbc.repository.config.AbstractJdbcConfiguration' (OnClassCondition)

   JdbcTemplateAutoConfiguration:
      Did not match:
         - @ConditionalOnClass did not find required class 'org.springframework.jdbc.core.JdbcTemplate' (OnClassCondition)

   JerseyAutoConfiguration:
      Did not match:
         - @ConditionalOnClass did not find required class 'jakarta.servlet.ServletRegistration' (OnClassCondition)

   JmsAutoConfiguration:
      Did not match:
         - @ConditionalOnClass did not find required class 'jakarta.jms.Message' (OnClassCondition)

   JmxAutoConfiguration:
      Did not match:
         - @ConditionalOnProperty (spring.jmx.enabled=true) found different value in property 'enabled' (OnPropertyCondition)
      Matched:
         - @ConditionalOnClass found required class 'org.springframework.jmx.export.MBeanExporter' (OnClassCondition)

   JndiConnectionFactoryAutoConfiguration:
      Did not match:
         - @ConditionalOnClass did not find required class 'org.springframework.jms.core.JmsTemplate' (OnClassCondition)

   JndiDataSourceAutoConfiguration:
      Did not match:
         - @ConditionalOnClass did not find required class 'org.springframework.jdbc.datasource.embedded.EmbeddedDatabaseType' (OnClassCondition)

   JooqAutoConfiguration:
      Did not match:
         - @ConditionalOnClass did not find required class 'org.jooq.DSLContext' (OnClassCondition)

   JpaRepositoriesAutoConfiguration:
      Did not match:
         - @ConditionalOnClass did not find required class 'org.springframework.data.jpa.repository.JpaRepository' (OnClassCondition)

   JsonbAutoConfiguration:
      Did not match:
         - @ConditionalOnClass did not find required class 'jakarta.json.bind.Jsonb' (OnClassCondition)

   JtaAutoConfiguration:
      Did not match:
         - @ConditionalOnClass did not find required class 'jakarta.transaction.Transaction' (OnClassCondition)

   KafkaAutoConfiguration:
      Did not match:
         - @ConditionalOnClass did not find required class 'org.springframework.kafka.core.KafkaTemplate' (OnClassCondition)

   LdapAutoConfiguration:
      Did not match:
         - @ConditionalOnClass did not find required class 'org.springframework.ldap.core.ContextSource' (OnClassCondition)

   LdapRepositoriesAutoConfiguration:
      Did not match:
         - @ConditionalOnClass did not find required class 'org.springframework.data.ldap.repository.LdapRepository' (OnClassCondition)

   LiquibaseAutoConfiguration:
      Did not match:
         - @ConditionalOnClass did not find required class 'liquibase.change.DatabaseChange' (OnClassCondition)

   MailSenderAutoConfiguration:
      Did not match:
         - @ConditionalOnClass did not find required class 'jakarta.mail.internet.MimeMessage' (OnClassCondition)

   MailSenderValidatorAutoConfiguration:
      Did not match:
         - @ConditionalOnSingleCandidate did not find required type 'org.springframework.mail.javamail.JavaMailSenderImpl' (OnBeanCondition)

   MessageSourceAutoConfiguration:
      Did not match:
         - ResourceBundle did not find bundle with basename messages (MessageSourceAutoConfiguration.ResourceBundleCondition)

   MongoAutoConfiguration:
      Did not match:
         - @ConditionalOnClass did not find required class 'com.mongodb.client.MongoClient' (OnClassCondition)

   MongoDataAutoConfiguration:
      Did not match:
         - @ConditionalOnClass did not find required class 'com.mongodb.client.MongoClient' (OnClassCondition)

   MongoReactiveAutoConfiguration:
      Did not match:
         - @ConditionalOnClass did not find required class 'com.mongodb.reactivestreams.client.MongoClient' (OnClassCondition)

   MongoReactiveDataAutoConfiguration:
      Did not match:
         - @ConditionalOnClass did not find required class 'com.mongodb.reactivestreams.client.MongoClient' (OnClassCondition)

   MongoReactiveRepositoriesAutoConfiguration:
      Did not match:
         - @ConditionalOnClass did not find required class 'com.mongodb.reactivestreams.client.MongoClient' (OnClassCondition)

   MongoRepositoriesAutoConfiguration:
      Did not match:
         - @ConditionalOnClass did not find required class 'com.mongodb.client.MongoClient' (OnClassCondition)

   MultipartAutoConfiguration:
      Did not match:
         - @ConditionalOnClass did not find required class 'jakarta.servlet.MultipartConfigElement' (OnClassCondition)

   MustacheAutoConfiguration:
      Did not match:
         - @ConditionalOnClass did not find required class 'com.samskivert.mustache.Mustache' (OnClassCondition)

   Neo4jAutoConfiguration:
      Did not match:
         - @ConditionalOnClass did not find required class 'org.neo4j.driver.Driver' (OnClassCondition)

   Neo4jDataAutoConfiguration:
      Did not match:
         - @ConditionalOnClass did not find required class 'org.neo4j.driver.Driver' (OnClassCondition)

   Neo4jReactiveDataAutoConfiguration:
      Did not match:
         - @ConditionalOnClass did not find required class 'org.neo4j.driver.Driver' (OnClassCondition)

   Neo4jReactiveRepositoriesAutoConfiguration:
      Did not match:
         - @ConditionalOnClass did not find required class 'org.neo4j.driver.Driver' (OnClassCondition)

   Neo4jRepositoriesAutoConfiguration:
      Did not match:
         - @ConditionalOnClass did not find required class 'org.neo4j.driver.Driver' (OnClassCondition)

   NettyAutoConfiguration:
      Did not match:
         - @ConditionalOnClass did not find required class 'io.netty.util.NettyRuntime' (OnClassCondition)

   OAuth2AuthorizationServerAutoConfiguration:
      Did not match:
         - @ConditionalOnClass did not find required class 'org.springframework.security.oauth2.server.authorization.OAuth2Authorization' (OnClassCondition)

   OAuth2AuthorizationServerJwtAutoConfiguration:
      Did not match:
         - @ConditionalOnClass did not find required class 'org.springframework.security.oauth2.server.authorization.OAuth2Authorization' (OnClassCondition)

   OAuth2ClientAutoConfiguration:
      Did not match:
         - @ConditionalOnClass did not find required class 'org.springframework.security.config.annotation.web.configuration.EnableWebSecurity' (OnClassCondition)

   OAuth2ResourceServerAutoConfiguration:
      Did not match:
         - @ConditionalOnClass did not find required class 'org.springframework.security.oauth2.server.resource.authentication.BearerTokenAuthenticationToken' (OnClassCondition)

   PersistenceExceptionTranslationAutoConfiguration:
      Did not match:
         - @ConditionalOnClass did not find required class 'org.springframework.dao.annotation.PersistenceExceptionTranslationPostProcessor' (OnClassCondition)

   ProjectInfoAutoConfiguration#buildProperties:
      Did not match:
         - @ConditionalOnResource did not find resource '${spring.info.build.location:classpath:META-INF/build-info.properties}' (OnResourceCondition)

   ProjectInfoAutoConfiguration#gitProperties:
      Did not match:
         - GitResource did not find git info at classpath:git.properties (ProjectInfoAutoConfiguration.GitResourceAvailableCondition)

   PulsarAutoConfiguration:
      Did not match:
         - @ConditionalOnClass did not find required class 'org.apache.pulsar.client.api.PulsarClient' (OnClassCondition)

   PulsarReactiveAutoConfiguration:
      Did not match:
         - @ConditionalOnClass did not find required class 'org.apache.pulsar.client.api.PulsarClient' (OnClassCondition)

   QuartzAutoConfiguration:
      Did not match:
         - @ConditionalOnClass did not find required class 'org.quartz.Scheduler' (OnClassCondition)

   R2dbcAutoConfiguration:
      Did not match:
         - @ConditionalOnClass did not find required class 'io.r2dbc.spi.ConnectionFactory' (OnClassCondition)

   R2dbcDataAutoConfiguration:
      Did not match:
         - @ConditionalOnClass did not find required class 'org.springframework.data.r2dbc.core.R2dbcEntityTemplate' (OnClassCondition)

   R2dbcInitializationConfiguration:
      Did not match:
         - @ConditionalOnClass did not find required classes 'io.r2dbc.spi.ConnectionFactory', 'org.springframework.r2dbc.connection.init.DatabasePopulator' (OnClassCondition)

   R2dbcRepositoriesAutoConfiguration:
      Did not match:
         - @ConditionalOnClass did not find required class 'io.r2dbc.spi.ConnectionFactory' (OnClassCondition)

   R2dbcTransactionManagerAutoConfiguration:
      Did not match:
         - @ConditionalOnClass did not find required class 'org.springframework.r2dbc.connection.R2dbcTransactionManager' (OnClassCondition)

   RSocketGraphQlClientAutoConfiguration:
      Did not match:
         - @ConditionalOnClass did not find required class 'graphql.GraphQL' (OnClassCondition)

   RSocketMessagingAutoConfiguration:
      Did not match:
         - @ConditionalOnClass did not find required class 'io.rsocket.RSocket' (OnClassCondition)

   RSocketRequesterAutoConfiguration:
      Did not match:
         - @ConditionalOnClass did not find required class 'io.rsocket.RSocket' (OnClassCondition)

   RSocketSecurityAutoConfiguration:
      Did not match:
         - @ConditionalOnClass did not find required class 'org.springframework.security.rsocket.core.SecuritySocketAcceptorInterceptor' (OnClassCondition)

   RSocketServerAutoConfiguration:
      Did not match:
         - @ConditionalOnClass did not find required class 'io.rsocket.core.RSocketServer' (OnClassCondition)

   RSocketStrategiesAutoConfiguration:
      Did not match:
         - @ConditionalOnClass did not find required class 'io.netty.buffer.PooledByteBufAllocator' (OnClassCondition)

   RabbitAutoConfiguration:
      Did not match:
         - @ConditionalOnClass did not find required class 'com.rabbitmq.client.Channel' (OnClassCondition)

   ReactiveElasticsearchClientAutoConfiguration:
      Did not match:
         - @ConditionalOnClass did not find required class 'co.elastic.clients.transport.ElasticsearchTransport' (OnClassCondition)

   ReactiveElasticsearchRepositoriesAutoConfiguration:
      Did not match:
         - @ConditionalOnClass did not find required class 'reactor.core.publisher.Mono' (OnClassCondition)

   ReactiveMultipartAutoConfiguration:
      Did not match:
         - @ConditionalOnClass did not find required class 'org.springframework.http.codec.multipart.DefaultPartHttpMessageReader' (OnClassCondition)

   ReactiveOAuth2ClientAutoConfiguration:
      Did not match:
         - @ConditionalOnClass did not find required class 'reactor.core.publisher.Flux' (OnClassCondition)

   ReactiveOAuth2ResourceServerAutoConfiguration:
      Did not match:
         - @ConditionalOnClass did not find required class 'org.springframework.security.config.annotation.web.reactive.EnableWebFluxSecurity' (OnClassCondition)

   ReactiveSecurityAutoConfiguration:
      Did not match:
         - @ConditionalOnClass did not find required class 'reactor.core.publisher.Flux' (OnClassCondition)

   ReactiveUserDetailsServiceAutoConfiguration:
      Did not match:
         - @ConditionalOnClass did not find required class 'org.springframework.security.authentication.ReactiveAuthenticationManager' (OnClassCondition)

   ReactiveWebServerFactoryAutoConfiguration:
      Did not match:
         - @ConditionalOnClass did not find required class 'org.springframework.http.ReactiveHttpInputMessage' (OnClassCondition)

   ReactorAutoConfiguration:
      Did not match:
         - @ConditionalOnClass did not find required class 'reactor.core.publisher.Hooks' (OnClassCondition)

   RedisAutoConfiguration:
      Did not match:
         - @ConditionalOnClass did not find required class 'org.springframework.data.redis.core.RedisOperations' (OnClassCondition)

   RedisCacheConfiguration:
      Did not match:
         - @ConditionalOnClass did not find required class 'org.springframework.data.redis.connection.RedisConnectionFactory' (OnClassCondition)

   RedisReactiveAutoConfiguration:
      Did not match:
         - @ConditionalOnClass did not find required class 'reactor.core.publisher.Flux' (OnClassCondition)

   RedisRepositoriesAutoConfiguration:
      Did not match:
         - @ConditionalOnClass did not find required class 'org.springframework.data.redis.repository.configuration.EnableRedisRepositories' (OnClassCondition)

   RepositoryRestMvcAutoConfiguration:
      Did not match:
         - @ConditionalOnClass did not find required class 'org.springframework.data.rest.webmvc.config.RepositoryRestMvcConfiguration' (OnClassCondition)

   RestClientAutoConfiguration:
      Did not match:
         - @ConditionalOnClass did not find required class 'org.springframework.web.client.RestClient' (OnClassCondition)

   RestTemplateAutoConfiguration:
      Did not match:
         - @ConditionalOnClass did not find required class 'org.springframework.web.client.RestTemplate' (OnClassCondition)

   Saml2RelyingPartyAutoConfiguration:
      Did not match:
         - @ConditionalOnClass did not find required class 'org.springframework.security.saml2.provider.service.registration.RelyingPartyRegistrationRepository' (OnClassCondition)

   SecurityAutoConfiguration:
      Did not match:
         - @ConditionalOnClass did not find required class 'org.springframework.security.authentication.DefaultAuthenticationEventPublisher' (OnClassCondition)

   SecurityFilterAutoConfiguration:
      Did not match:
         - @ConditionalOnClass did not find required class 'org.springframework.security.config.http.SessionCreationPolicy' (OnClassCondition)

   SendGridAutoConfiguration:
      Did not match:
         - @ConditionalOnClass did not find required class 'com.sendgrid.SendGrid' (OnClassCondition)

   ServletWebServerFactoryAutoConfiguration:
      Did not match:
         - @ConditionalOnClass did not find required class 'jakarta.servlet.ServletRequest' (OnClassCondition)

   SessionAutoConfiguration:
      Did not match:
         - @ConditionalOnClass did not find required class 'org.springframework.session.Session' (OnClassCondition)

   SpringApplicationAdminJmxAutoConfiguration:
      Did not match:
         - @ConditionalOnProperty (spring.application.admin.enabled=true) did not find property 'enabled' (OnPropertyCondition)

   SpringDataWebAutoConfiguration:
      Did not match:
         - @ConditionalOnClass did not find required class 'org.springframework.data.web.PageableHandlerMethodArgumentResolver' (OnClassCondition)

   TaskExecutorConfigurations.SimpleAsyncTaskExecutorBuilderConfiguration#simpleAsyncTaskExecutorBuilderVirtualThreads:
      Did not match:
         - @ConditionalOnMissingBean (types: org.springframework.boot.task.SimpleAsyncTaskExecutorBuilder; SearchStrategy: all) found beans of type 'org.springframework.boot.task.SimpleAsyncTaskExecutorBuilder' simpleAsyncTaskExecutorBuilder (OnBeanCondition)

   TaskExecutorConfigurations.TaskExecutorConfiguration#applicationTaskExecutorVirtualThreads:
      Did not match:
         - @ConditionalOnThreading did not find VIRTUAL (OnThreadingCondition)

   TaskSchedulingAutoConfiguration#scheduledBeanLazyInitializationExcludeFilter:
      Did not match:
         - @ConditionalOnBean (names: org.springframework.context.annotation.internalScheduledAnnotationProcessor; SearchStrategy: all) did not find any beans named org.springframework.context.annotation.internalScheduledAnnotationProcessor (OnBeanCondition)

   TaskSchedulingConfigurations.SimpleAsyncTaskSchedulerBuilderConfiguration#simpleAsyncTaskSchedulerBuilderVirtualThreads:
      Did not match:
         - @ConditionalOnMissingBean (types: org.springframework.boot.task.SimpleAsyncTaskSchedulerBuilder; SearchStrategy: all) found beans of type 'org.springframework.boot.task.SimpleAsyncTaskSchedulerBuilder' simpleAsyncTaskSchedulerBuilder (OnBeanCondition)

   TaskSchedulingConfigurations.TaskSchedulerConfiguration:
      Did not match:
         - @ConditionalOnBean (names: org.springframework.context.annotation.internalScheduledAnnotationProcessor; SearchStrategy: all) did not find any beans named org.springframework.context.annotation.internalScheduledAnnotationProcessor (OnBeanCondition)

   ThymeleafAutoConfiguration:
      Did not match:
         - @ConditionalOnClass did not find required class 'org.thymeleaf.spring6.SpringTemplateEngine' (OnClassCondition)

   TransactionAutoConfiguration:
      Did not match:
         - @ConditionalOnClass did not find required class 'org.springframework.transaction.PlatformTransactionManager' (OnClassCondition)

   TransactionManagerCustomizationAutoConfiguration:
      Did not match:
         - @ConditionalOnClass did not find required class 'org.springframework.transaction.PlatformTransactionManager' (OnClassCondition)

   UserDetailsServiceAutoConfiguration:
      Did not match:
         - @ConditionalOnClass did not find required class 'org.springframework.security.authentication.AuthenticationManager' (OnClassCondition)

   ValidationAutoConfiguration:
      Did not match:
         - @ConditionalOnClass did not find required class 'jakarta.validation.executable.ExecutableValidator' (OnClassCondition)

   WebClientAutoConfiguration:
      Did not match:
         - @ConditionalOnClass did not find required class 'org.springframework.web.reactive.function.client.WebClient' (OnClassCondition)

   WebFluxAutoConfiguration:
      Did not match:
         - @ConditionalOnClass did not find required class 'org.springframework.web.reactive.config.WebFluxConfigurer' (OnClassCondition)

   WebMvcAutoConfiguration:
      Did not match:
         - @ConditionalOnClass did not find required class 'jakarta.servlet.Servlet' (OnClassCondition)

   WebServiceTemplateAutoConfiguration:
      Did not match:
         - @ConditionalOnClass did not find required class 'org.springframework.oxm.Marshaller' (OnClassCondition)

   WebServicesAutoConfiguration:
      Did not match:
         - @ConditionalOnClass did not find required class 'org.springframework.ws.transport.http.MessageDispatcherServlet' (OnClassCondition)

   WebSessionIdResolverAutoConfiguration:
      Did not match:
         - @ConditionalOnClass did not find required class 'reactor.core.publisher.Mono' (OnClassCondition)

   WebSocketMessagingAutoConfiguration:
      Did not match:
         - @ConditionalOnClass did not find required class 'org.springframework.web.socket.config.annotation.WebSocketMessageBrokerConfigurer' (OnClassCondition)

   WebSocketReactiveAutoConfiguration:
      Did not match:
         - @ConditionalOnClass did not find required class 'jakarta.servlet.Servlet' (OnClassCondition)

   WebSocketServletAutoConfiguration:
      Did not match:
         - @ConditionalOnClass did not find required class 'jakarta.servlet.Servlet' (OnClassCondition)

   XADataSourceAutoConfiguration:
      Did not match:
         - @ConditionalOnClass did not find required class 'jakarta.transaction.TransactionManager' (OnClassCondition)


Exclusions:
-----------

    None


Unconditional classes:
----------------------

    org.springframework.boot.autoconfigure.context.ConfigurationPropertiesAutoConfiguration

    org.springframework.boot.autoconfigure.ssl.SslAutoConfiguration

    org.springframework.boot.autoconfigure.context.LifecycleAutoConfiguration

    org.springframework.boot.autoconfigure.context.PropertyPlaceholderAutoConfiguration

    org.springframework.boot.autoconfigure.availability.ApplicationAvailabilityAutoConfiguration

    org.springframework.boot.autoconfigure.info.ProjectInfoAutoConfiguration



2024-09-05 17:33:45 INFO  org.example.tests.LoginTest - Started LoginTest in 87.855 seconds (process running for 88.911)
2024-09-05 17:33:45 DEBUG o.s.b.a.ApplicationAvailabilityBean - Application availability state LivenessState changed to CORRECT
2024-09-05 17:33:45 DEBUG o.s.b.a.ApplicationAvailabilityBean - Application availability state ReadinessState changed to ACCEPTING_TRAFFIC
2024-09-05 17:33:45 DEBUG o.springframework.test.context.cache - Spring test ApplicationContext cache statistics: [DefaultContextCache@4214ae8f size = 1, maxSize = 32, parentContextCount = 0, hitCount = 0, missCount = 1, failureCount = 0]
2024-09-05 17:33:45 DEBUG o.springframework.test.context.cache - Spring test ApplicationContext cache statistics: [DefaultContextCache@4214ae8f size = 1, maxSize = 32, parentContextCount = 0, hitCount = 1, missCount = 1, failureCount = 0]
2024-09-05 17:33:45 DEBUG o.s.t.c.s.DirtiesContextBeforeModesTestExecutionListener - Before test class: class [LoginTest], class annotated with @DirtiesContext [false] with mode [null]
2024-09-05 17:33:45 DEBUG o.springframework.test.context.cache - Spring test ApplicationContext cache statistics: [DefaultContextCache@4214ae8f size = 1, maxSize = 32, parentContextCount = 0, hitCount = 2, missCount = 1, failureCount = 0]
2024-09-05 17:33:45 INFO  o.e.utils.CommonScriptUtilities - 'C:\Repo\Trails\SpringFramework\reports\Session_20240905_173345\html-report.html' file created.
2024-09-05 17:33:45 INFO  o.e.utils.CommonScriptUtilities - 'C:\Repo\Trails\SpringFramework\reports\Session_20240905_173345\html-report.html' file is empty.
2024-09-05 17:33:45 DEBUG o.s.t.c.s.DirtiesContextBeforeModesTestExecutionListener - Before test method: class [LoginTest], method [testSuccessfulLogin], class annotated with @DirtiesContext [false] with mode [null], method annotated with @DirtiesContext [false] with mode [null]
2024-09-05 17:33:45 DEBUG o.springframework.test.context.cache - Spring test ApplicationContext cache statistics: [DefaultContextCache@4214ae8f size = 1, maxSize = 32, parentContextCount = 0, hitCount = 3, missCount = 1, failureCount = 0]
2024-09-05 17:33:45 DEBUG o.springframework.test.context.cache - Spring test ApplicationContext cache statistics: [DefaultContextCache@4214ae8f size = 1, maxSize = 32, parentContextCount = 0, hitCount = 4, missCount = 1, failureCount = 0]
2024-09-05 17:33:46 DEBUG o.springframework.test.context.cache - Spring test ApplicationContext cache statistics: [DefaultContextCache@4214ae8f size = 1, maxSize = 32, parentContextCount = 0, hitCount = 5, missCount = 1, failureCount = 0]
2024-09-05 17:33:55 DEBUG o.springframework.test.context.cache - Spring test ApplicationContext cache statistics: [DefaultContextCache@4214ae8f size = 1, maxSize = 32, parentContextCount = 0, hitCount = 6, missCount = 1, failureCount = 0]
2024-09-05 17:33:55 DEBUG o.springframework.test.context.cache - Spring test ApplicationContext cache statistics: [DefaultContextCache@4214ae8f size = 1, maxSize = 32, parentContextCount = 0, hitCount = 7, missCount = 1, failureCount = 0]
2024-09-05 17:33:56 DEBUG o.springframework.test.context.cache - Spring test ApplicationContext cache statistics: [DefaultContextCache@4214ae8f size = 1, maxSize = 32, parentContextCount = 0, hitCount = 8, missCount = 1, failureCount = 0]
2024-09-05 17:33:56 DEBUG o.springframework.test.context.cache - Spring test ApplicationContext cache statistics: [DefaultContextCache@4214ae8f size = 1, maxSize = 32, parentContextCount = 0, hitCount = 9, missCount = 1, failureCount = 0]
2024-09-05 17:33:56 DEBUG o.springframework.test.context.cache - Spring test ApplicationContext cache statistics: [DefaultContextCache@4214ae8f size = 1, maxSize = 32, parentContextCount = 0, hitCount = 10, missCount = 1, failureCount = 0]
2024-09-05 17:33:56 DEBUG o.springframework.test.context.cache - Spring test ApplicationContext cache statistics: [DefaultContextCache@4214ae8f size = 1, maxSize = 32, parentContextCount = 0, hitCount = 11, missCount = 1, failureCount = 0]
2024-09-05 17:33:56 DEBUG o.s.t.c.s.DirtiesContextTestExecutionListener - After test method: class [LoginTest], method [testSuccessfulLogin], class annotated with @DirtiesContext [false] with mode [null], method annotated with @DirtiesContext [false] with mode [null]
]]></system-out>
  </testcase>
</testsuite>